[2025-07-29 03:17:47] [INFO] Executing: create_philosophical_profile
[2025-07-29 03:17:47] [INFO] Creating new philosophical profile
[2025-07-29 03:17:47] [PERF] Profile created and cached in ms
[2025-07-29 03:17:47] [INFO] Successfully executed: create_philosophical_profile
[2025-07-29 03:17:47] [INFO] Executing: analyze_situation
[2025-07-29 03:17:47] [INFO] Starting philosophical analysis: Which next step should we prioritize from the accessibility report: Theme Component Unification, Motion Component Optimization, Card Component Analysis, or Build Issue Resolution?
[2025-07-29 03:17:47] [PERF] Analysis completed in ms
[2025-07-29 03:17:47] [INFO] Successfully executed: analyze_situation
[2025-07-29 03:17:47] [PERF] Total execution time: ms
[2025-07-29 03:20:00] [INFO] Executing: create_philosophical_profile
[2025-07-29 03:20:00] [INFO] Using cached philosophical profile
[2025-07-29 03:20:01] [PERF] Profile loaded from cache in 59ms
[2025-07-29 03:20:01] [INFO] Successfully executed: create_philosophical_profile
[2025-07-29 03:20:01] [INFO] Executing: analyze_situation
[2025-07-29 03:20:01] [INFO] Starting philosophical analysis: Based on the accessibility report analysis, should we prioritize: 1) Build Issue Resolution (fixing import errors and compilation issues), 2) Theme Component Unification (merging ThemeSwitcher + EnhancedThemeButton), 3) Motion Component Optimization, or 4) Card Component Analysis? Consider that build issues may block other improvements.
[2025-07-29 03:20:01] [PERF] Analysis completed in 52ms
[2025-07-29 03:20:01] [INFO] Successfully executed: analyze_situation
[2025-07-29 03:20:01] [PERF] Total execution time: 275ms
[2025-07-29 03:23:03] [INFO] Executing: create_philosophical_profile
[2025-07-29 03:23:03] [INFO] Using cached philosophical profile
[2025-07-29 03:23:03] [PERF] Profile loaded from cache in 63ms
[2025-07-29 03:23:03] [INFO] Successfully executed: create_philosophical_profile
[2025-07-29 03:23:03] [INFO] Executing: analyze_situation
[2025-07-29 03:23:04] [INFO] Starting philosophical analysis: Should we remove the import lines for deleted components (ShareButton, ProjectDemo, DatabaseDemo) to fix build issues, following the component reduction philosophy?
[2025-07-29 03:23:04] [PERF] Analysis completed in 50ms
[2025-07-29 03:23:04] [INFO] Successfully executed: analyze_situation
[2025-07-29 03:23:04] [PERF] Total execution time: 277ms
[2025-07-29 03:38:41] [INFO] Executing: create_philosophical_profile
[2025-07-29 03:38:41] [INFO] Using cached philosophical profile
[2025-07-29 03:38:41] [PERF] Profile loaded from cache in 72ms
[2025-07-29 03:38:41] [INFO] Successfully executed: create_philosophical_profile
[2025-07-29 03:38:41] [INFO] Executing: analyze_situation
[2025-07-29 03:38:41] [INFO] Starting philosophical analysis: Should we proceed with Theme Component Unification, Motion Component Optimization, and Card Component Analysis in parallel or sequentially?
[2025-07-29 03:38:41] [PERF] Analysis completed in 57ms
[2025-07-29 03:38:41] [INFO] Successfully executed: analyze_situation
[2025-07-29 03:38:41] [PERF] Total execution time: 316ms
