{"timestamp":"2025-07-29 03:15:53","metric":"performance_score","value":100,"type":"counter","framework_version":"2.0"}
{"timestamp":"2025-07-29 03:15:53","metric":"analysis_duration_ms","value":5195,"type":"counter","framework_version":"2.0"}
{"timestamp":"2025-07-29 03:15:55","metric":"system_analysis_duration_ms","value":7838,"type":"counter","framework_version":"2.0"}
{"timestamp":"2025-07-29 03:16:23","metric":"optimizations_applied","value":3,"type":"counter","framework_version":"2.0"}
{"timestamp":"2025-07-29 03:16:23","metric":"optimization_duration_ms","value":67,"type":"counter","framework_version":"2.0"}
{"timestamp":"2025-07-29 03:16:23","metric":"optimization_count","value":4,"type":"counter","framework_version":"2.0"}
{"timestamp":"2025-07-29 03:20:57","metric":"performance_score","value":100,"type":"counter","framework_version":"2.0"}
{"timestamp":"2025-07-29 03:20:57","metric":"analysis_duration_ms","value":4463,"type":"counter","framework_version":"2.0"}
{"timestamp":"2025-07-29 03:20:59","metric":"system_analysis_duration_ms","value":6744,"type":"counter","framework_version":"2.0"}
{"timestamp":"2025-07-29 03:31:49","metric":"optimizations_applied","value":3,"type":"counter","framework_version":"2.0"}
{"timestamp":"2025-07-29 03:31:49","metric":"optimization_duration_ms","value":66,"type":"counter","framework_version":"2.0"}
{"timestamp":"2025-07-29 03:31:49","metric":"optimization_count","value":4,"type":"counter","framework_version":"2.0"}
{"timestamp":"2025-07-29 03:37:16","metric":"performance_score","value":100,"type":"counter","framework_version":"2.0"}
{"timestamp":"2025-07-29 03:37:16","metric":"analysis_duration_ms","value":5130,"type":"counter","framework_version":"2.0"}
{"timestamp":"2025-07-29 03:37:19","metric":"system_analysis_duration_ms","value":7698,"type":"counter","framework_version":"2.0"}
{"timestamp":"2025-07-29 03:37:19","metric":"optimizations_applied","value":3,"type":"counter","framework_version":"2.0"}
{"timestamp":"2025-07-29 03:37:19","metric":"optimization_duration_ms","value":83,"type":"counter","framework_version":"2.0"}
{"timestamp":"2025-07-29 03:37:19","metric":"optimization_count","value":4,"type":"counter","framework_version":"2.0"}
{"timestamp":"2025-07-29 03:37:25","metric":"performance_score","value":100,"type":"counter","framework_version":"2.0"}
{"timestamp":"2025-07-29 03:37:25","metric":"analysis_duration_ms","value":5122,"type":"counter","framework_version":"2.0"}
{"timestamp":"2025-07-29 03:37:27","metric":"system_analysis_duration_ms","value":7517,"type":"counter","framework_version":"2.0"}
{"timestamp":"2025-07-29 03:40:05","metric":"performance_score","value":100,"type":"counter","framework_version":"2.0"}
{"timestamp":"2025-07-29 03:40:05","metric":"analysis_duration_ms","value":4372,"type":"counter","framework_version":"2.0"}
{"timestamp":"2025-07-29 03:40:07","metric":"system_analysis_duration_ms","value":6443,"type":"counter","framework_version":"2.0"}
