{"timestamp":"2025-07-29 03:15:17","level":"INFO","component":"INIT","script":"philosophical-orchestrator.sh","message":"Philosophical framework v2.0 initialized for philosophical-orchestrator","framework_version":"2.0"}
{"timestamp":"2025-07-29 03:15:17","level":"INFO","component":"HEALTH","script":"philosophical-orchestrator.sh","message":"Running framework health check","framework_version":"2.0"}
{"timestamp":"2025-07-29 03:15:18","level":"INFO","component":"HEALTH","script":"philosophical-orchestrator.sh","message":"Health check score: 3/4","framework_version":"2.0"}
{"timestamp":"2025-07-29 03:15:18","level":"INFO","component":"CLEANUP","script":"philosophical-orchestrator.sh","message":"Framework cleanup initiated with exit code: 1","framework_version":"2.0"}
{"timestamp":"2025-07-29 03:15:18","level":"ERROR","component":"CLEANUP","script":"philosophical-orchestrator.sh","message":"Script failed with exit code 1","framework_version":"2.0"}
{"timestamp":"2025-07-29 03:15:39","level":"INFO","component":"INIT","script":"philosophical-orchestrator.sh","message":"Philosophical framework v2.0 initialized for philosophical-orchestrator","framework_version":"2.0"}
{"timestamp":"2025-07-29 03:15:39","level":"INFO","component":"HEALTH","script":"philosophical-orchestrator.sh","message":"Running framework health check","framework_version":"2.0"}
{"timestamp":"2025-07-29 03:15:39","level":"INFO","component":"HEALTH","script":"philosophical-orchestrator.sh","message":"Health check score: 4/4","framework_version":"2.0"}
{"timestamp":"2025-07-29 03:15:39","level":"INFO","component":"CLEANUP","script":"philosophical-orchestrator.sh","message":"Framework cleanup initiated with exit code: 0","framework_version":"2.0"}
{"timestamp":"2025-07-29 03:15:39","level":"INFO","component":"CLEANUP","script":"philosophical-orchestrator.sh","message":"Script completed successfully","framework_version":"2.0"}
{"timestamp":"2025-07-29 03:15:47","level":"INFO","component":"INIT","script":"philosophical-orchestrator.sh","message":"Philosophical framework v2.0 initialized for philosophical-orchestrator","framework_version":"2.0"}
{"timestamp":"2025-07-29 03:15:53","level":"INFO","component":"ANALYSIS","script":"philosophical-orchestrator.sh","message":"Performance analysis passed","framework_version":"2.0"}
{"timestamp":"2025-07-29 03:15:53","level":"INFO","component":"HEALTH","script":"philosophical-orchestrator.sh","message":"Running framework health check","framework_version":"2.0"}
{"timestamp":"2025-07-29 03:15:53","level":"INFO","component":"HEALTH","script":"philosophical-orchestrator.sh","message":"Health check score: 4/4","framework_version":"2.0"}
{"timestamp":"2025-07-29 03:15:53","level":"INFO","component":"ANALYSIS","script":"philosophical-orchestrator.sh","message":"Framework health check passed","framework_version":"2.0"}
{"timestamp":"2025-07-29 03:15:53","level":"INFO","component":"ANALYSIS","script":"philosophical-orchestrator.sh","message":"No active migrations found","framework_version":"2.0"}
{"timestamp":"2025-07-29 03:15:55","level":"PERF","component":"ANALYSIS","script":"philosophical-orchestrator.sh","message":"System analysis completed in 7838ms","framework_version":"2.0"}
{"timestamp":"2025-07-29 03:15:55","level":"DEBUG","component":"METRICS","script":"philosophical-orchestrator.sh","message":"Collected metric: system_analysis_duration_ms = 7838","framework_version":"2.0"}
{"timestamp":"2025-07-29 03:15:55","level":"INFO","component":"CLEANUP","script":"philosophical-orchestrator.sh","message":"Framework cleanup initiated with exit code: 0","framework_version":"2.0"}
{"timestamp":"2025-07-29 03:15:55","level":"INFO","component":"CLEANUP","script":"philosophical-orchestrator.sh","message":"Script completed successfully","framework_version":"2.0"}
{"timestamp":"2025-07-29 03:16:22","level":"INFO","component":"INIT","script":"philosophical-orchestrator.sh","message":"Philosophical framework v2.0 initialized for philosophical-orchestrator","framework_version":"2.0"}
{"timestamp":"2025-07-29 03:16:23","level":"INFO","component":"OPTIMIZE","script":"philosophical-orchestrator.sh","message":"Performance optimization successful","framework_version":"2.0"}
{"timestamp":"2025-07-29 03:16:23","level":"INFO","component":"CACHE","script":"philosophical-orchestrator.sh","message":"Cleared all cache","framework_version":"2.0"}
{"timestamp":"2025-07-29 03:16:23","level":"PERF","component":"OPTIMIZE","script":"philosophical-orchestrator.sh","message":"System optimization completed in 265ms","framework_version":"2.0"}
{"timestamp":"2025-07-29 03:16:23","level":"DEBUG","component":"METRICS","script":"philosophical-orchestrator.sh","message":"Collected metric: optimization_count = 4","framework_version":"2.0"}
{"timestamp":"2025-07-29 03:16:23","level":"INFO","component":"CLEANUP","script":"philosophical-orchestrator.sh","message":"Framework cleanup initiated with exit code: 0","framework_version":"2.0"}
{"timestamp":"2025-07-29 03:16:23","level":"INFO","component":"CLEANUP","script":"philosophical-orchestrator.sh","message":"Script completed successfully","framework_version":"2.0"}
{"timestamp":"2025-07-29 03:20:52","level":"INFO","component":"INIT","script":"philosophical-orchestrator.sh","message":"Philosophical framework v2.0 initialized for philosophical-orchestrator","framework_version":"2.0"}
{"timestamp":"2025-07-29 03:20:57","level":"INFO","component":"ANALYSIS","script":"philosophical-orchestrator.sh","message":"Performance analysis passed","framework_version":"2.0"}
{"timestamp":"2025-07-29 03:20:57","level":"INFO","component":"HEALTH","script":"philosophical-orchestrator.sh","message":"Running framework health check","framework_version":"2.0"}
{"timestamp":"2025-07-29 03:20:57","level":"INFO","component":"HEALTH","script":"philosophical-orchestrator.sh","message":"Health check score: 4/4","framework_version":"2.0"}
{"timestamp":"2025-07-29 03:20:57","level":"INFO","component":"ANALYSIS","script":"philosophical-orchestrator.sh","message":"Framework health check passed","framework_version":"2.0"}
{"timestamp":"2025-07-29 03:20:57","level":"INFO","component":"ANALYSIS","script":"philosophical-orchestrator.sh","message":"No active migrations found","framework_version":"2.0"}
{"timestamp":"2025-07-29 03:20:59","level":"PERF","component":"ANALYSIS","script":"philosophical-orchestrator.sh","message":"System analysis completed in 6744ms","framework_version":"2.0"}
{"timestamp":"2025-07-29 03:20:59","level":"DEBUG","component":"METRICS","script":"philosophical-orchestrator.sh","message":"Collected metric: system_analysis_duration_ms = 6744","framework_version":"2.0"}
{"timestamp":"2025-07-29 03:20:59","level":"INFO","component":"CLEANUP","script":"philosophical-orchestrator.sh","message":"Framework cleanup initiated with exit code: 0","framework_version":"2.0"}
{"timestamp":"2025-07-29 03:20:59","level":"INFO","component":"CLEANUP","script":"philosophical-orchestrator.sh","message":"Script completed successfully","framework_version":"2.0"}
{"timestamp":"2025-07-29 03:31:49","level":"INFO","component":"INIT","script":"philosophical-orchestrator.sh","message":"Philosophical framework v2.0 initialized for philosophical-orchestrator","framework_version":"2.0"}
{"timestamp":"2025-07-29 03:31:49","level":"INFO","component":"OPTIMIZE","script":"philosophical-orchestrator.sh","message":"Performance optimization successful","framework_version":"2.0"}
{"timestamp":"2025-07-29 03:31:49","level":"INFO","component":"CACHE","script":"philosophical-orchestrator.sh","message":"Cleared all cache","framework_version":"2.0"}
{"timestamp":"2025-07-29 03:31:49","level":"PERF","component":"OPTIMIZE","script":"philosophical-orchestrator.sh","message":"System optimization completed in 250ms","framework_version":"2.0"}
{"timestamp":"2025-07-29 03:31:49","level":"DEBUG","component":"METRICS","script":"philosophical-orchestrator.sh","message":"Collected metric: optimization_count = 4","framework_version":"2.0"}
{"timestamp":"2025-07-29 03:31:49","level":"INFO","component":"CLEANUP","script":"philosophical-orchestrator.sh","message":"Framework cleanup initiated with exit code: 0","framework_version":"2.0"}
{"timestamp":"2025-07-29 03:31:49","level":"INFO","component":"CLEANUP","script":"philosophical-orchestrator.sh","message":"Script completed successfully","framework_version":"2.0"}
{"timestamp":"2025-07-29 03:37:11","level":"INFO","component":"INIT","script":"philosophical-orchestrator.sh","message":"Philosophical framework v2.0 initialized for philosophical-orchestrator","framework_version":"2.0"}
{"timestamp":"2025-07-29 03:37:16","level":"INFO","component":"ANALYSIS","script":"philosophical-orchestrator.sh","message":"Performance analysis passed","framework_version":"2.0"}
{"timestamp":"2025-07-29 03:37:16","level":"INFO","component":"HEALTH","script":"philosophical-orchestrator.sh","message":"Running framework health check","framework_version":"2.0"}
{"timestamp":"2025-07-29 03:37:16","level":"INFO","component":"HEALTH","script":"philosophical-orchestrator.sh","message":"Health check score: 4/4","framework_version":"2.0"}
{"timestamp":"2025-07-29 03:37:16","level":"INFO","component":"ANALYSIS","script":"philosophical-orchestrator.sh","message":"Framework health check passed","framework_version":"2.0"}
{"timestamp":"2025-07-29 03:37:16","level":"INFO","component":"ANALYSIS","script":"philosophical-orchestrator.sh","message":"No active migrations found","framework_version":"2.0"}
{"timestamp":"2025-07-29 03:37:19","level":"PERF","component":"ANALYSIS","script":"philosophical-orchestrator.sh","message":"System analysis completed in 7698ms","framework_version":"2.0"}
{"timestamp":"2025-07-29 03:37:19","level":"DEBUG","component":"METRICS","script":"philosophical-orchestrator.sh","message":"Collected metric: system_analysis_duration_ms = 7698","framework_version":"2.0"}
{"timestamp":"2025-07-29 03:37:19","level":"INFO","component":"OPTIMIZE","script":"philosophical-orchestrator.sh","message":"Performance optimization successful","framework_version":"2.0"}
{"timestamp":"2025-07-29 03:37:19","level":"INFO","component":"CACHE","script":"philosophical-orchestrator.sh","message":"Cleared all cache","framework_version":"2.0"}
{"timestamp":"2025-07-29 03:37:19","level":"PERF","component":"OPTIMIZE","script":"philosophical-orchestrator.sh","message":"System optimization completed in 362ms","framework_version":"2.0"}
{"timestamp":"2025-07-29 03:37:19","level":"DEBUG","component":"METRICS","script":"philosophical-orchestrator.sh","message":"Collected metric: optimization_count = 4","framework_version":"2.0"}
{"timestamp":"2025-07-29 03:37:25","level":"INFO","component":"ANALYSIS","script":"philosophical-orchestrator.sh","message":"Performance analysis passed","framework_version":"2.0"}
{"timestamp":"2025-07-29 03:37:25","level":"INFO","component":"HEALTH","script":"philosophical-orchestrator.sh","message":"Running framework health check","framework_version":"2.0"}
{"timestamp":"2025-07-29 03:37:25","level":"INFO","component":"HEALTH","script":"philosophical-orchestrator.sh","message":"Health check score: 4/4","framework_version":"2.0"}
{"timestamp":"2025-07-29 03:37:25","level":"INFO","component":"ANALYSIS","script":"philosophical-orchestrator.sh","message":"Framework health check passed","framework_version":"2.0"}
{"timestamp":"2025-07-29 03:37:25","level":"INFO","component":"ANALYSIS","script":"philosophical-orchestrator.sh","message":"No active migrations found","framework_version":"2.0"}
{"timestamp":"2025-07-29 03:37:27","level":"PERF","component":"ANALYSIS","script":"philosophical-orchestrator.sh","message":"System analysis completed in 7517ms","framework_version":"2.0"}
{"timestamp":"2025-07-29 03:37:27","level":"DEBUG","component":"METRICS","script":"philosophical-orchestrator.sh","message":"Collected metric: system_analysis_duration_ms = 7517","framework_version":"2.0"}
{"timestamp":"2025-07-29 03:37:32","level":"INFO","component":"REPORT","script":"philosophical-orchestrator.sh","message":"Comprehensive report generated in 12437ms","framework_version":"2.0"}
{"timestamp":"2025-07-29 03:37:32","level":"INFO","component":"CLEANUP","script":"philosophical-orchestrator.sh","message":"Framework cleanup initiated with exit code: 0","framework_version":"2.0"}
{"timestamp":"2025-07-29 03:37:32","level":"INFO","component":"CLEANUP","script":"philosophical-orchestrator.sh","message":"Script completed successfully","framework_version":"2.0"}
{"timestamp":"2025-07-29 03:40:01","level":"INFO","component":"INIT","script":"philosophical-orchestrator.sh","message":"Philosophical framework v2.0 initialized for philosophical-orchestrator","framework_version":"2.0"}
{"timestamp":"2025-07-29 03:40:05","level":"INFO","component":"ANALYSIS","script":"philosophical-orchestrator.sh","message":"Performance analysis passed","framework_version":"2.0"}
{"timestamp":"2025-07-29 03:40:05","level":"INFO","component":"HEALTH","script":"philosophical-orchestrator.sh","message":"Running framework health check","framework_version":"2.0"}
{"timestamp":"2025-07-29 03:40:05","level":"INFO","component":"HEALTH","script":"philosophical-orchestrator.sh","message":"Health check score: 4/4","framework_version":"2.0"}
{"timestamp":"2025-07-29 03:40:05","level":"INFO","component":"ANALYSIS","script":"philosophical-orchestrator.sh","message":"Framework health check passed","framework_version":"2.0"}
{"timestamp":"2025-07-29 03:40:05","level":"INFO","component":"ANALYSIS","script":"philosophical-orchestrator.sh","message":"No active migrations found","framework_version":"2.0"}
{"timestamp":"2025-07-29 03:40:07","level":"PERF","component":"ANALYSIS","script":"philosophical-orchestrator.sh","message":"System analysis completed in 6443ms","framework_version":"2.0"}
{"timestamp":"2025-07-29 03:40:07","level":"DEBUG","component":"METRICS","script":"philosophical-orchestrator.sh","message":"Collected metric: system_analysis_duration_ms = 6443","framework_version":"2.0"}
{"timestamp":"2025-07-29 03:40:12","level":"ERROR","component":"MIGRATION","script":"philosophical-orchestrator.sh","message":"Migration theme-unification failed","framework_version":"2.0"}
{"timestamp":"2025-07-29 03:40:12","level":"INFO","component":"CLEANUP","script":"philosophical-orchestrator.sh","message":"Framework cleanup initiated with exit code: 1","framework_version":"2.0"}
{"timestamp":"2025-07-29 03:40:12","level":"ERROR","component":"CLEANUP","script":"philosophical-orchestrator.sh","message":"Script failed with exit code 1","framework_version":"2.0"}
