{"timestamp":"2025-07-29 03:15:17","level":"INFO","component":"INIT","script":"philosophical-orchestrator.sh","message":"Philosophical framework v2.0 initialized for philosophical-orchestrator","framework_version":"2.0"}
{"timestamp":"2025-07-29 03:15:17","level":"INFO","component":"HEALTH","script":"philosophical-orchestrator.sh","message":"Running framework health check","framework_version":"2.0"}
{"timestamp":"2025-07-29 03:15:17","level":"DEBUG","component":"CACHE","script":"philosophical-framework.sh","message":"Caching data for key: health_check","framework_version":"2.0"}
{"timestamp":"2025-07-29 03:15:17","level":"DEBUG","component":"CACHE","script":"philosophical-framework.sh","message":"Caching data for key: health_check","framework_version":"2.0"}
{"timestamp":"2025-07-29 03:15:17","level":"DEBUG","component":"CACHE","script":"philosophical-framework.sh","message":"Cache hit for key: health_check","framework_version":"2.0"}
{"timestamp":"2025-07-29 03:15:17","level":"DEBUG","component":"CACHE","script":"philosophical-framework.sh","message":"Cache hit for key: health_check","framework_version":"2.0"}
{"timestamp":"2025-07-29 03:15:17","level":"INFO","component":"CACHE","script":"philosophical-framework.sh","message":"Cleared cache for key: health_check","framework_version":"2.0"}
{"timestamp":"2025-07-29 03:15:17","level":"INFO","component":"CACHE","script":"philosophical-framework.sh","message":"Cleared cache for key: health_check","framework_version":"2.0"}
{"timestamp":"2025-07-29 03:15:18","level":"INFO","component":"HEALTH","script":"philosophical-orchestrator.sh","message":"Health check score: 3/4","framework_version":"2.0"}
{"timestamp":"2025-07-29 03:15:18","level":"INFO","component":"CLEANUP","script":"philosophical-orchestrator.sh","message":"Framework cleanup initiated with exit code: 1","framework_version":"2.0"}
{"timestamp":"2025-07-29 03:15:18","level":"ERROR","component":"CLEANUP","script":"philosophical-orchestrator.sh","message":"Script failed with exit code 1","framework_version":"2.0"}
{"timestamp":"2025-07-29 03:15:39","level":"INFO","component":"INIT","script":"philosophical-orchestrator.sh","message":"Philosophical framework v2.0 initialized for philosophical-orchestrator","framework_version":"2.0"}
{"timestamp":"2025-07-29 03:15:39","level":"INFO","component":"HEALTH","script":"philosophical-orchestrator.sh","message":"Running framework health check","framework_version":"2.0"}
{"timestamp":"2025-07-29 03:15:39","level":"DEBUG","component":"CACHE","script":"philosophical-framework.sh","message":"Caching data for key: health_check","framework_version":"2.0"}
{"timestamp":"2025-07-29 03:15:39","level":"DEBUG","component":"CACHE","script":"philosophical-framework.sh","message":"Caching data for key: health_check","framework_version":"2.0"}
{"timestamp":"2025-07-29 03:15:39","level":"DEBUG","component":"CACHE","script":"philosophical-framework.sh","message":"Cache hit for key: health_check","framework_version":"2.0"}
{"timestamp":"2025-07-29 03:15:39","level":"DEBUG","component":"CACHE","script":"philosophical-framework.sh","message":"Cache hit for key: health_check","framework_version":"2.0"}
{"timestamp":"2025-07-29 03:15:39","level":"INFO","component":"CACHE","script":"philosophical-framework.sh","message":"Cleared cache for key: health_check","framework_version":"2.0"}
{"timestamp":"2025-07-29 03:15:39","level":"INFO","component":"CACHE","script":"philosophical-framework.sh","message":"Cleared cache for key: health_check","framework_version":"2.0"}
{"timestamp":"2025-07-29 03:15:39","level":"INFO","component":"HEALTH","script":"philosophical-orchestrator.sh","message":"Health check score: 4/4","framework_version":"2.0"}
{"timestamp":"2025-07-29 03:15:39","level":"INFO","component":"CLEANUP","script":"philosophical-orchestrator.sh","message":"Framework cleanup initiated with exit code: 0","framework_version":"2.0"}
{"timestamp":"2025-07-29 03:15:39","level":"INFO","component":"CLEANUP","script":"philosophical-orchestrator.sh","message":"Script completed successfully","framework_version":"2.0"}
{"timestamp":"2025-07-29 03:15:47","level":"INFO","component":"INIT","script":"philosophical-orchestrator.sh","message":"Philosophical framework v2.0 initialized for philosophical-orchestrator","framework_version":"2.0"}
{"timestamp":"2025-07-29 03:15:48","level":"INFO","component":"INIT","script":"philosophical-performance-monitor.sh","message":"Philosophical framework v2.0 initialized for philosophical-performance-monitor","framework_version":"2.0"}
{"timestamp":"2025-07-29 03:15:48","level":"INFO","component":"ANALYSIS","script":"philosophical-performance-monitor.sh","message":"Starting comprehensive performance analysis","framework_version":"2.0"}
{"timestamp":"2025-07-29 03:15:49","level":"DEBUG","component":"CACHE","script":"philosophical-performance-monitor.sh","message":"Caching data for key: current_metrics","framework_version":"2.0"}
{"timestamp":"2025-07-29 03:15:49","level":"DEBUG","component":"METRICS","script":"philosophical-performance-monitor.sh","message":"Collected system metrics: CPU=7.58%, Memory=50%, Disk=86%","framework_version":"2.0"}
{"timestamp":"2025-07-29 03:15:49","level":"DEBUG","component":"CACHE","script":"philosophical-performance-monitor.sh","message":"Cache hit for key: current_metrics","framework_version":"2.0"}
{"timestamp":"2025-07-29 03:15:53","level":"DEBUG","component":"CACHE","script":"philosophical-performance-monitor.sh","message":"Caching data for key: current_app_metrics","framework_version":"2.0"}
{"timestamp":"2025-07-29 03:15:53","level":"DEBUG","component":"APP_METRICS","script":"philosophical-performance-monitor.sh","message":"Collected app metrics: TS=    9353, JS=   28782, Components=     196","framework_version":"2.0"}
{"timestamp":"2025-07-29 03:15:53","level":"DEBUG","component":"CACHE","script":"philosophical-performance-monitor.sh","message":"Cache hit for key: current_app_metrics","framework_version":"2.0"}
{"timestamp":"2025-07-29 03:15:53","level":"INFO","component":"VALIDATE","script":"philosophical-performance-monitor.sh","message":"Validating action through philosophical lens: current_performance","framework_version":"2.0"}
{"timestamp":"2025-07-29 03:15:53","level":"DEBUG","component":"ARISTOTLE","script":"philosophical-framework.sh","message":"Validating practical wisdom for: current_performance","framework_version":"2.0"}
{"timestamp":"2025-07-29 03:15:53","level":"DEBUG","component":"ARISTOTLE","script":"philosophical-framework.sh","message":"Validating practical wisdom for: current_performance","framework_version":"2.0"}
{"timestamp":"2025-07-29 03:15:53","level":"DEBUG","component":"VALIDATE","script":"philosophical-performance-monitor.sh","message":"Aristotelian validation passed","framework_version":"2.0"}
{"timestamp":"2025-07-29 03:15:53","level":"DEBUG","component":"MILL","script":"philosophical-framework.sh","message":"Validating utilitarian benefit for: current_performance","framework_version":"2.0"}
{"timestamp":"2025-07-29 03:15:53","level":"DEBUG","component":"MILL","script":"philosophical-framework.sh","message":"Validating utilitarian benefit for: current_performance","framework_version":"2.0"}
{"timestamp":"2025-07-29 03:15:53","level":"DEBUG","component":"VALIDATE","script":"philosophical-performance-monitor.sh","message":"Utilitarian validation passed","framework_version":"2.0"}
{"timestamp":"2025-07-29 03:15:53","level":"DEBUG","component":"KANT","script":"philosophical-framework.sh","message":"Validating categorical imperative for: current_performance","framework_version":"2.0"}
{"timestamp":"2025-07-29 03:15:53","level":"DEBUG","component":"KANT","script":"philosophical-framework.sh","message":"Validating categorical imperative for: current_performance","framework_version":"2.0"}
{"timestamp":"2025-07-29 03:15:53","level":"DEBUG","component":"VALIDATE","script":"philosophical-performance-monitor.sh","message":"Kantian validation passed","framework_version":"2.0"}
{"timestamp":"2025-07-29 03:15:53","level":"INFO","component":"VALIDATE","script":"philosophical-performance-monitor.sh","message":"Philosophical validation score: 3/3","framework_version":"2.0"}
{"timestamp":"2025-07-29 03:15:53","level":"PERF","component":"ANALYSIS","script":"philosophical-performance-monitor.sh","message":"Performance analysis completed in 5195ms","framework_version":"2.0"}
{"timestamp":"2025-07-29 03:15:53","level":"DEBUG","component":"METRICS","script":"philosophical-performance-monitor.sh","message":"Collected metric: performance_score = 100","framework_version":"2.0"}
{"timestamp":"2025-07-29 03:15:53","level":"DEBUG","component":"METRICS","script":"philosophical-performance-monitor.sh","message":"Collected metric: analysis_duration_ms = 5195","framework_version":"2.0"}
{"timestamp":"2025-07-29 03:15:53","level":"INFO","component":"CLEANUP","script":"philosophical-performance-monitor.sh","message":"Framework cleanup initiated with exit code: 0","framework_version":"2.0"}
{"timestamp":"2025-07-29 03:15:53","level":"INFO","component":"CLEANUP","script":"philosophical-performance-monitor.sh","message":"Script completed successfully","framework_version":"2.0"}
{"timestamp":"2025-07-29 03:15:53","level":"INFO","component":"ANALYSIS","script":"philosophical-orchestrator.sh","message":"Performance analysis passed","framework_version":"2.0"}
{"timestamp":"2025-07-29 03:15:53","level":"INFO","component":"HEALTH","script":"philosophical-orchestrator.sh","message":"Running framework health check","framework_version":"2.0"}
{"timestamp":"2025-07-29 03:15:53","level":"DEBUG","component":"CACHE","script":"philosophical-framework.sh","message":"Caching data for key: health_check","framework_version":"2.0"}
{"timestamp":"2025-07-29 03:15:53","level":"DEBUG","component":"CACHE","script":"philosophical-framework.sh","message":"Caching data for key: health_check","framework_version":"2.0"}
{"timestamp":"2025-07-29 03:15:53","level":"DEBUG","component":"CACHE","script":"philosophical-framework.sh","message":"Cache hit for key: health_check","framework_version":"2.0"}
{"timestamp":"2025-07-29 03:15:53","level":"DEBUG","component":"CACHE","script":"philosophical-framework.sh","message":"Cache hit for key: health_check","framework_version":"2.0"}
{"timestamp":"2025-07-29 03:15:53","level":"INFO","component":"CACHE","script":"philosophical-framework.sh","message":"Cleared cache for key: health_check","framework_version":"2.0"}
{"timestamp":"2025-07-29 03:15:53","level":"INFO","component":"CACHE","script":"philosophical-framework.sh","message":"Cleared cache for key: health_check","framework_version":"2.0"}
{"timestamp":"2025-07-29 03:15:53","level":"INFO","component":"HEALTH","script":"philosophical-orchestrator.sh","message":"Health check score: 4/4","framework_version":"2.0"}
{"timestamp":"2025-07-29 03:15:53","level":"INFO","component":"ANALYSIS","script":"philosophical-orchestrator.sh","message":"Framework health check passed","framework_version":"2.0"}
{"timestamp":"2025-07-29 03:15:53","level":"INFO","component":"ANALYSIS","script":"philosophical-orchestrator.sh","message":"No active migrations found","framework_version":"2.0"}
{"timestamp":"2025-07-29 03:15:55","level":"PERF","component":"ANALYSIS","script":"philosophical-orchestrator.sh","message":"System analysis completed in 7838ms","framework_version":"2.0"}
{"timestamp":"2025-07-29 03:15:55","level":"DEBUG","component":"METRICS","script":"philosophical-orchestrator.sh","message":"Collected metric: system_analysis_duration_ms = 7838","framework_version":"2.0"}
{"timestamp":"2025-07-29 03:15:55","level":"INFO","component":"CLEANUP","script":"philosophical-orchestrator.sh","message":"Framework cleanup initiated with exit code: 0","framework_version":"2.0"}
{"timestamp":"2025-07-29 03:15:55","level":"INFO","component":"CLEANUP","script":"philosophical-orchestrator.sh","message":"Script completed successfully","framework_version":"2.0"}
{"timestamp":"2025-07-29 03:16:09","level":"INFO","component":"INIT","script":"philosophical-performance-monitor.sh","message":"Philosophical framework v2.0 initialized for philosophical-performance-monitor","framework_version":"2.0"}
{"timestamp":"2025-07-29 03:16:11","level":"DEBUG","component":"CACHE","script":"philosophical-performance-monitor.sh","message":"Caching data for key: current_metrics","framework_version":"2.0"}
{"timestamp":"2025-07-29 03:16:11","level":"DEBUG","component":"METRICS","script":"philosophical-performance-monitor.sh","message":"Collected system metrics: CPU=9.93%, Memory=50%, Disk=86%","framework_version":"2.0"}
{"timestamp":"2025-07-29 03:16:13","level":"DEBUG","component":"CACHE","script":"philosophical-performance-monitor.sh","message":"Caching data for key: current_app_metrics","framework_version":"2.0"}
{"timestamp":"2025-07-29 03:16:14","level":"DEBUG","component":"APP_METRICS","script":"philosophical-performance-monitor.sh","message":"Collected app metrics: TS=    9353, JS=   28782, Components=     196","framework_version":"2.0"}
{"timestamp":"2025-07-29 03:16:14","level":"INFO","component":"CLEANUP","script":"philosophical-performance-monitor.sh","message":"Framework cleanup initiated with exit code: 0","framework_version":"2.0"}
{"timestamp":"2025-07-29 03:16:14","level":"INFO","component":"CLEANUP","script":"philosophical-performance-monitor.sh","message":"Script completed successfully","framework_version":"2.0"}
{"timestamp":"2025-07-29 03:16:22","level":"INFO","component":"INIT","script":"philosophical-orchestrator.sh","message":"Philosophical framework v2.0 initialized for philosophical-orchestrator","framework_version":"2.0"}
{"timestamp":"2025-07-29 03:16:22","level":"INFO","component":"INIT","script":"philosophical-performance-monitor.sh","message":"Philosophical framework v2.0 initialized for philosophical-performance-monitor","framework_version":"2.0"}
{"timestamp":"2025-07-29 03:16:22","level":"INFO","component":"OPTIMIZE","script":"philosophical-performance-monitor.sh","message":"Starting auto optimization","framework_version":"2.0"}
{"timestamp":"2025-07-29 03:16:23","level":"PERF","component":"OPTIMIZE","script":"philosophical-performance-monitor.sh","message":"Applied 3 optimizations in 67ms","framework_version":"2.0"}
{"timestamp":"2025-07-29 03:16:23","level":"DEBUG","component":"METRICS","script":"philosophical-performance-monitor.sh","message":"Collected metric: optimizations_applied = 3","framework_version":"2.0"}
{"timestamp":"2025-07-29 03:16:23","level":"DEBUG","component":"METRICS","script":"philosophical-performance-monitor.sh","message":"Collected metric: optimization_duration_ms = 67","framework_version":"2.0"}
{"timestamp":"2025-07-29 03:16:23","level":"INFO","component":"CLEANUP","script":"philosophical-performance-monitor.sh","message":"Framework cleanup initiated with exit code: 0","framework_version":"2.0"}
{"timestamp":"2025-07-29 03:16:23","level":"INFO","component":"CLEANUP","script":"philosophical-performance-monitor.sh","message":"Script completed successfully","framework_version":"2.0"}
{"timestamp":"2025-07-29 03:16:23","level":"INFO","component":"OPTIMIZE","script":"philosophical-orchestrator.sh","message":"Performance optimization successful","framework_version":"2.0"}
{"timestamp":"2025-07-29 03:16:23","level":"INFO","component":"CACHE","script":"philosophical-orchestrator.sh","message":"Cleared all cache","framework_version":"2.0"}
{"timestamp":"2025-07-29 03:16:23","level":"PERF","component":"OPTIMIZE","script":"philosophical-orchestrator.sh","message":"System optimization completed in 265ms","framework_version":"2.0"}
{"timestamp":"2025-07-29 03:16:23","level":"DEBUG","component":"METRICS","script":"philosophical-orchestrator.sh","message":"Collected metric: optimization_count = 4","framework_version":"2.0"}
{"timestamp":"2025-07-29 03:16:23","level":"INFO","component":"CLEANUP","script":"philosophical-orchestrator.sh","message":"Framework cleanup initiated with exit code: 0","framework_version":"2.0"}
{"timestamp":"2025-07-29 03:16:23","level":"INFO","component":"CLEANUP","script":"philosophical-orchestrator.sh","message":"Script completed successfully","framework_version":"2.0"}
{"timestamp":"2025-07-29 03:20:52","level":"INFO","component":"INIT","script":"philosophical-orchestrator.sh","message":"Philosophical framework v2.0 initialized for philosophical-orchestrator","framework_version":"2.0"}
{"timestamp":"2025-07-29 03:20:52","level":"INFO","component":"INIT","script":"philosophical-performance-monitor.sh","message":"Philosophical framework v2.0 initialized for philosophical-performance-monitor","framework_version":"2.0"}
{"timestamp":"2025-07-29 03:20:52","level":"INFO","component":"ANALYSIS","script":"philosophical-performance-monitor.sh","message":"Starting comprehensive performance analysis","framework_version":"2.0"}
{"timestamp":"2025-07-29 03:20:54","level":"DEBUG","component":"CACHE","script":"philosophical-performance-monitor.sh","message":"Caching data for key: current_metrics","framework_version":"2.0"}
{"timestamp":"2025-07-29 03:20:54","level":"DEBUG","component":"METRICS","script":"philosophical-performance-monitor.sh","message":"Collected system metrics: CPU=7.52%, Memory=50%, Disk=86%","framework_version":"2.0"}
{"timestamp":"2025-07-29 03:20:54","level":"DEBUG","component":"CACHE","script":"philosophical-performance-monitor.sh","message":"Cache hit for key: current_metrics","framework_version":"2.0"}
{"timestamp":"2025-07-29 03:20:56","level":"DEBUG","component":"CACHE","script":"philosophical-performance-monitor.sh","message":"Caching data for key: current_app_metrics","framework_version":"2.0"}
{"timestamp":"2025-07-29 03:20:56","level":"DEBUG","component":"APP_METRICS","script":"philosophical-performance-monitor.sh","message":"Collected app metrics: TS=    9353, JS=   28782, Components=     196","framework_version":"2.0"}
{"timestamp":"2025-07-29 03:20:56","level":"DEBUG","component":"CACHE","script":"philosophical-performance-monitor.sh","message":"Cache hit for key: current_app_metrics","framework_version":"2.0"}
{"timestamp":"2025-07-29 03:20:56","level":"INFO","component":"VALIDATE","script":"philosophical-performance-monitor.sh","message":"Validating action through philosophical lens: current_performance","framework_version":"2.0"}
{"timestamp":"2025-07-29 03:20:56","level":"DEBUG","component":"ARISTOTLE","script":"philosophical-framework.sh","message":"Validating practical wisdom for: current_performance","framework_version":"2.0"}
{"timestamp":"2025-07-29 03:20:56","level":"DEBUG","component":"ARISTOTLE","script":"philosophical-framework.sh","message":"Validating practical wisdom for: current_performance","framework_version":"2.0"}
{"timestamp":"2025-07-29 03:20:56","level":"DEBUG","component":"VALIDATE","script":"philosophical-performance-monitor.sh","message":"Aristotelian validation passed","framework_version":"2.0"}
{"timestamp":"2025-07-29 03:20:56","level":"DEBUG","component":"MILL","script":"philosophical-framework.sh","message":"Validating utilitarian benefit for: current_performance","framework_version":"2.0"}
{"timestamp":"2025-07-29 03:20:56","level":"DEBUG","component":"MILL","script":"philosophical-framework.sh","message":"Validating utilitarian benefit for: current_performance","framework_version":"2.0"}
{"timestamp":"2025-07-29 03:20:56","level":"DEBUG","component":"VALIDATE","script":"philosophical-performance-monitor.sh","message":"Utilitarian validation passed","framework_version":"2.0"}
{"timestamp":"2025-07-29 03:20:56","level":"DEBUG","component":"KANT","script":"philosophical-framework.sh","message":"Validating categorical imperative for: current_performance","framework_version":"2.0"}
{"timestamp":"2025-07-29 03:20:56","level":"DEBUG","component":"KANT","script":"philosophical-framework.sh","message":"Validating categorical imperative for: current_performance","framework_version":"2.0"}
{"timestamp":"2025-07-29 03:20:56","level":"DEBUG","component":"VALIDATE","script":"philosophical-performance-monitor.sh","message":"Kantian validation passed","framework_version":"2.0"}
{"timestamp":"2025-07-29 03:20:56","level":"INFO","component":"VALIDATE","script":"philosophical-performance-monitor.sh","message":"Philosophical validation score: 3/3","framework_version":"2.0"}
{"timestamp":"2025-07-29 03:20:56","level":"PERF","component":"ANALYSIS","script":"philosophical-performance-monitor.sh","message":"Performance analysis completed in 4463ms","framework_version":"2.0"}
{"timestamp":"2025-07-29 03:20:57","level":"DEBUG","component":"METRICS","script":"philosophical-performance-monitor.sh","message":"Collected metric: performance_score = 100","framework_version":"2.0"}
{"timestamp":"2025-07-29 03:20:57","level":"DEBUG","component":"METRICS","script":"philosophical-performance-monitor.sh","message":"Collected metric: analysis_duration_ms = 4463","framework_version":"2.0"}
{"timestamp":"2025-07-29 03:20:57","level":"INFO","component":"CLEANUP","script":"philosophical-performance-monitor.sh","message":"Framework cleanup initiated with exit code: 0","framework_version":"2.0"}
{"timestamp":"2025-07-29 03:20:57","level":"INFO","component":"CLEANUP","script":"philosophical-performance-monitor.sh","message":"Script completed successfully","framework_version":"2.0"}
{"timestamp":"2025-07-29 03:20:57","level":"INFO","component":"ANALYSIS","script":"philosophical-orchestrator.sh","message":"Performance analysis passed","framework_version":"2.0"}
{"timestamp":"2025-07-29 03:20:57","level":"INFO","component":"HEALTH","script":"philosophical-orchestrator.sh","message":"Running framework health check","framework_version":"2.0"}
{"timestamp":"2025-07-29 03:20:57","level":"DEBUG","component":"CACHE","script":"philosophical-framework.sh","message":"Caching data for key: health_check","framework_version":"2.0"}
{"timestamp":"2025-07-29 03:20:57","level":"DEBUG","component":"CACHE","script":"philosophical-framework.sh","message":"Caching data for key: health_check","framework_version":"2.0"}
{"timestamp":"2025-07-29 03:20:57","level":"DEBUG","component":"CACHE","script":"philosophical-framework.sh","message":"Cache hit for key: health_check","framework_version":"2.0"}
{"timestamp":"2025-07-29 03:20:57","level":"DEBUG","component":"CACHE","script":"philosophical-framework.sh","message":"Cache hit for key: health_check","framework_version":"2.0"}
{"timestamp":"2025-07-29 03:20:57","level":"INFO","component":"CACHE","script":"philosophical-framework.sh","message":"Cleared cache for key: health_check","framework_version":"2.0"}
{"timestamp":"2025-07-29 03:20:57","level":"INFO","component":"CACHE","script":"philosophical-framework.sh","message":"Cleared cache for key: health_check","framework_version":"2.0"}
{"timestamp":"2025-07-29 03:20:57","level":"INFO","component":"HEALTH","script":"philosophical-orchestrator.sh","message":"Health check score: 4/4","framework_version":"2.0"}
{"timestamp":"2025-07-29 03:20:57","level":"INFO","component":"ANALYSIS","script":"philosophical-orchestrator.sh","message":"Framework health check passed","framework_version":"2.0"}
{"timestamp":"2025-07-29 03:20:57","level":"INFO","component":"ANALYSIS","script":"philosophical-orchestrator.sh","message":"No active migrations found","framework_version":"2.0"}
{"timestamp":"2025-07-29 03:20:59","level":"PERF","component":"ANALYSIS","script":"philosophical-orchestrator.sh","message":"System analysis completed in 6744ms","framework_version":"2.0"}
{"timestamp":"2025-07-29 03:20:59","level":"DEBUG","component":"METRICS","script":"philosophical-orchestrator.sh","message":"Collected metric: system_analysis_duration_ms = 6744","framework_version":"2.0"}
{"timestamp":"2025-07-29 03:20:59","level":"INFO","component":"CLEANUP","script":"philosophical-orchestrator.sh","message":"Framework cleanup initiated with exit code: 0","framework_version":"2.0"}
{"timestamp":"2025-07-29 03:20:59","level":"INFO","component":"CLEANUP","script":"philosophical-orchestrator.sh","message":"Script completed successfully","framework_version":"2.0"}
{"timestamp":"2025-07-29 03:31:49","level":"INFO","component":"INIT","script":"philosophical-orchestrator.sh","message":"Philosophical framework v2.0 initialized for philosophical-orchestrator","framework_version":"2.0"}
{"timestamp":"2025-07-29 03:31:49","level":"INFO","component":"INIT","script":"philosophical-performance-monitor.sh","message":"Philosophical framework v2.0 initialized for philosophical-performance-monitor","framework_version":"2.0"}
{"timestamp":"2025-07-29 03:31:49","level":"INFO","component":"OPTIMIZE","script":"philosophical-performance-monitor.sh","message":"Starting auto optimization","framework_version":"2.0"}
{"timestamp":"2025-07-29 03:31:49","level":"PERF","component":"OPTIMIZE","script":"philosophical-performance-monitor.sh","message":"Applied 3 optimizations in 66ms","framework_version":"2.0"}
{"timestamp":"2025-07-29 03:31:49","level":"DEBUG","component":"METRICS","script":"philosophical-performance-monitor.sh","message":"Collected metric: optimizations_applied = 3","framework_version":"2.0"}
{"timestamp":"2025-07-29 03:31:49","level":"DEBUG","component":"METRICS","script":"philosophical-performance-monitor.sh","message":"Collected metric: optimization_duration_ms = 66","framework_version":"2.0"}
{"timestamp":"2025-07-29 03:31:49","level":"INFO","component":"CLEANUP","script":"philosophical-performance-monitor.sh","message":"Framework cleanup initiated with exit code: 0","framework_version":"2.0"}
{"timestamp":"2025-07-29 03:31:49","level":"INFO","component":"CLEANUP","script":"philosophical-performance-monitor.sh","message":"Script completed successfully","framework_version":"2.0"}
{"timestamp":"2025-07-29 03:31:49","level":"INFO","component":"OPTIMIZE","script":"philosophical-orchestrator.sh","message":"Performance optimization successful","framework_version":"2.0"}
{"timestamp":"2025-07-29 03:31:49","level":"INFO","component":"CACHE","script":"philosophical-orchestrator.sh","message":"Cleared all cache","framework_version":"2.0"}
{"timestamp":"2025-07-29 03:31:49","level":"PERF","component":"OPTIMIZE","script":"philosophical-orchestrator.sh","message":"System optimization completed in 250ms","framework_version":"2.0"}
{"timestamp":"2025-07-29 03:31:49","level":"DEBUG","component":"METRICS","script":"philosophical-orchestrator.sh","message":"Collected metric: optimization_count = 4","framework_version":"2.0"}
{"timestamp":"2025-07-29 03:31:49","level":"INFO","component":"CLEANUP","script":"philosophical-orchestrator.sh","message":"Framework cleanup initiated with exit code: 0","framework_version":"2.0"}
{"timestamp":"2025-07-29 03:31:49","level":"INFO","component":"CLEANUP","script":"philosophical-orchestrator.sh","message":"Script completed successfully","framework_version":"2.0"}
{"timestamp":"2025-07-29 03:37:11","level":"INFO","component":"INIT","script":"philosophical-orchestrator.sh","message":"Philosophical framework v2.0 initialized for philosophical-orchestrator","framework_version":"2.0"}
{"timestamp":"2025-07-29 03:37:11","level":"INFO","component":"INIT","script":"philosophical-performance-monitor.sh","message":"Philosophical framework v2.0 initialized for philosophical-performance-monitor","framework_version":"2.0"}
{"timestamp":"2025-07-29 03:37:11","level":"INFO","component":"ANALYSIS","script":"philosophical-performance-monitor.sh","message":"Starting comprehensive performance analysis","framework_version":"2.0"}
{"timestamp":"2025-07-29 03:37:13","level":"DEBUG","component":"CACHE","script":"philosophical-performance-monitor.sh","message":"Caching data for key: current_metrics","framework_version":"2.0"}
{"timestamp":"2025-07-29 03:37:13","level":"DEBUG","component":"METRICS","script":"philosophical-performance-monitor.sh","message":"Collected system metrics: CPU=22.69%, Memory=50%, Disk=86%","framework_version":"2.0"}
{"timestamp":"2025-07-29 03:37:13","level":"DEBUG","component":"CACHE","script":"philosophical-performance-monitor.sh","message":"Cache hit for key: current_metrics","framework_version":"2.0"}
{"timestamp":"2025-07-29 03:37:16","level":"DEBUG","component":"CACHE","script":"philosophical-performance-monitor.sh","message":"Caching data for key: current_app_metrics","framework_version":"2.0"}
{"timestamp":"2025-07-29 03:37:16","level":"DEBUG","component":"APP_METRICS","script":"philosophical-performance-monitor.sh","message":"Collected app metrics: TS=    9354, JS=   28194, Components=     197","framework_version":"2.0"}
{"timestamp":"2025-07-29 03:37:16","level":"DEBUG","component":"CACHE","script":"philosophical-performance-monitor.sh","message":"Cache hit for key: current_app_metrics","framework_version":"2.0"}
{"timestamp":"2025-07-29 03:37:16","level":"INFO","component":"VALIDATE","script":"philosophical-performance-monitor.sh","message":"Validating action through philosophical lens: current_performance","framework_version":"2.0"}
{"timestamp":"2025-07-29 03:37:16","level":"DEBUG","component":"ARISTOTLE","script":"philosophical-framework.sh","message":"Validating practical wisdom for: current_performance","framework_version":"2.0"}
{"timestamp":"2025-07-29 03:37:16","level":"DEBUG","component":"ARISTOTLE","script":"philosophical-framework.sh","message":"Validating practical wisdom for: current_performance","framework_version":"2.0"}
{"timestamp":"2025-07-29 03:37:16","level":"DEBUG","component":"VALIDATE","script":"philosophical-performance-monitor.sh","message":"Aristotelian validation passed","framework_version":"2.0"}
{"timestamp":"2025-07-29 03:37:16","level":"DEBUG","component":"MILL","script":"philosophical-framework.sh","message":"Validating utilitarian benefit for: current_performance","framework_version":"2.0"}
{"timestamp":"2025-07-29 03:37:16","level":"DEBUG","component":"MILL","script":"philosophical-framework.sh","message":"Validating utilitarian benefit for: current_performance","framework_version":"2.0"}
{"timestamp":"2025-07-29 03:37:16","level":"DEBUG","component":"VALIDATE","script":"philosophical-performance-monitor.sh","message":"Utilitarian validation passed","framework_version":"2.0"}
{"timestamp":"2025-07-29 03:37:16","level":"DEBUG","component":"KANT","script":"philosophical-framework.sh","message":"Validating categorical imperative for: current_performance","framework_version":"2.0"}
{"timestamp":"2025-07-29 03:37:16","level":"DEBUG","component":"KANT","script":"philosophical-framework.sh","message":"Validating categorical imperative for: current_performance","framework_version":"2.0"}
{"timestamp":"2025-07-29 03:37:16","level":"DEBUG","component":"VALIDATE","script":"philosophical-performance-monitor.sh","message":"Kantian validation passed","framework_version":"2.0"}
{"timestamp":"2025-07-29 03:37:16","level":"INFO","component":"VALIDATE","script":"philosophical-performance-monitor.sh","message":"Philosophical validation score: 3/3","framework_version":"2.0"}
{"timestamp":"2025-07-29 03:37:16","level":"PERF","component":"ANALYSIS","script":"philosophical-performance-monitor.sh","message":"Performance analysis completed in 5130ms","framework_version":"2.0"}
{"timestamp":"2025-07-29 03:37:16","level":"DEBUG","component":"METRICS","script":"philosophical-performance-monitor.sh","message":"Collected metric: performance_score = 100","framework_version":"2.0"}
{"timestamp":"2025-07-29 03:37:16","level":"DEBUG","component":"METRICS","script":"philosophical-performance-monitor.sh","message":"Collected metric: analysis_duration_ms = 5130","framework_version":"2.0"}
{"timestamp":"2025-07-29 03:37:16","level":"INFO","component":"CLEANUP","script":"philosophical-performance-monitor.sh","message":"Framework cleanup initiated with exit code: 0","framework_version":"2.0"}
{"timestamp":"2025-07-29 03:37:16","level":"INFO","component":"CLEANUP","script":"philosophical-performance-monitor.sh","message":"Script completed successfully","framework_version":"2.0"}
{"timestamp":"2025-07-29 03:37:16","level":"INFO","component":"ANALYSIS","script":"philosophical-orchestrator.sh","message":"Performance analysis passed","framework_version":"2.0"}
{"timestamp":"2025-07-29 03:37:16","level":"INFO","component":"HEALTH","script":"philosophical-orchestrator.sh","message":"Running framework health check","framework_version":"2.0"}
{"timestamp":"2025-07-29 03:37:16","level":"DEBUG","component":"CACHE","script":"philosophical-framework.sh","message":"Caching data for key: health_check","framework_version":"2.0"}
{"timestamp":"2025-07-29 03:37:16","level":"DEBUG","component":"CACHE","script":"philosophical-framework.sh","message":"Caching data for key: health_check","framework_version":"2.0"}
{"timestamp":"2025-07-29 03:37:16","level":"DEBUG","component":"CACHE","script":"philosophical-framework.sh","message":"Cache hit for key: health_check","framework_version":"2.0"}
{"timestamp":"2025-07-29 03:37:16","level":"DEBUG","component":"CACHE","script":"philosophical-framework.sh","message":"Cache hit for key: health_check","framework_version":"2.0"}
{"timestamp":"2025-07-29 03:37:16","level":"INFO","component":"CACHE","script":"philosophical-framework.sh","message":"Cleared cache for key: health_check","framework_version":"2.0"}
{"timestamp":"2025-07-29 03:37:16","level":"INFO","component":"CACHE","script":"philosophical-framework.sh","message":"Cleared cache for key: health_check","framework_version":"2.0"}
{"timestamp":"2025-07-29 03:37:16","level":"INFO","component":"HEALTH","script":"philosophical-orchestrator.sh","message":"Health check score: 4/4","framework_version":"2.0"}
{"timestamp":"2025-07-29 03:37:16","level":"INFO","component":"ANALYSIS","script":"philosophical-orchestrator.sh","message":"Framework health check passed","framework_version":"2.0"}
{"timestamp":"2025-07-29 03:37:16","level":"INFO","component":"ANALYSIS","script":"philosophical-orchestrator.sh","message":"No active migrations found","framework_version":"2.0"}
{"timestamp":"2025-07-29 03:37:19","level":"PERF","component":"ANALYSIS","script":"philosophical-orchestrator.sh","message":"System analysis completed in 7698ms","framework_version":"2.0"}
{"timestamp":"2025-07-29 03:37:19","level":"DEBUG","component":"METRICS","script":"philosophical-orchestrator.sh","message":"Collected metric: system_analysis_duration_ms = 7698","framework_version":"2.0"}
{"timestamp":"2025-07-29 03:37:19","level":"INFO","component":"INIT","script":"philosophical-performance-monitor.sh","message":"Philosophical framework v2.0 initialized for philosophical-performance-monitor","framework_version":"2.0"}
{"timestamp":"2025-07-29 03:37:19","level":"INFO","component":"OPTIMIZE","script":"philosophical-performance-monitor.sh","message":"Starting auto optimization","framework_version":"2.0"}
{"timestamp":"2025-07-29 03:37:19","level":"PERF","component":"OPTIMIZE","script":"philosophical-performance-monitor.sh","message":"Applied 3 optimizations in 83ms","framework_version":"2.0"}
{"timestamp":"2025-07-29 03:37:19","level":"DEBUG","component":"METRICS","script":"philosophical-performance-monitor.sh","message":"Collected metric: optimizations_applied = 3","framework_version":"2.0"}
{"timestamp":"2025-07-29 03:37:19","level":"DEBUG","component":"METRICS","script":"philosophical-performance-monitor.sh","message":"Collected metric: optimization_duration_ms = 83","framework_version":"2.0"}
{"timestamp":"2025-07-29 03:37:19","level":"INFO","component":"CLEANUP","script":"philosophical-performance-monitor.sh","message":"Framework cleanup initiated with exit code: 0","framework_version":"2.0"}
{"timestamp":"2025-07-29 03:37:19","level":"INFO","component":"CLEANUP","script":"philosophical-performance-monitor.sh","message":"Script completed successfully","framework_version":"2.0"}
{"timestamp":"2025-07-29 03:37:19","level":"INFO","component":"OPTIMIZE","script":"philosophical-orchestrator.sh","message":"Performance optimization successful","framework_version":"2.0"}
{"timestamp":"2025-07-29 03:37:19","level":"INFO","component":"CACHE","script":"philosophical-orchestrator.sh","message":"Cleared all cache","framework_version":"2.0"}
{"timestamp":"2025-07-29 03:37:19","level":"PERF","component":"OPTIMIZE","script":"philosophical-orchestrator.sh","message":"System optimization completed in 362ms","framework_version":"2.0"}
{"timestamp":"2025-07-29 03:37:19","level":"DEBUG","component":"METRICS","script":"philosophical-orchestrator.sh","message":"Collected metric: optimization_count = 4","framework_version":"2.0"}
{"timestamp":"2025-07-29 03:37:19","level":"INFO","component":"INIT","script":"philosophical-performance-monitor.sh","message":"Philosophical framework v2.0 initialized for philosophical-performance-monitor","framework_version":"2.0"}
{"timestamp":"2025-07-29 03:37:19","level":"INFO","component":"ANALYSIS","script":"philosophical-performance-monitor.sh","message":"Starting comprehensive performance analysis","framework_version":"2.0"}
{"timestamp":"2025-07-29 03:37:21","level":"DEBUG","component":"CACHE","script":"philosophical-performance-monitor.sh","message":"Caching data for key: current_metrics","framework_version":"2.0"}
{"timestamp":"2025-07-29 03:37:21","level":"DEBUG","component":"METRICS","script":"philosophical-performance-monitor.sh","message":"Collected system metrics: CPU=18.52%, Memory=50%, Disk=86%","framework_version":"2.0"}
{"timestamp":"2025-07-29 03:37:21","level":"DEBUG","component":"CACHE","script":"philosophical-performance-monitor.sh","message":"Cache hit for key: current_metrics","framework_version":"2.0"}
{"timestamp":"2025-07-29 03:37:24","level":"DEBUG","component":"CACHE","script":"philosophical-performance-monitor.sh","message":"Caching data for key: current_app_metrics","framework_version":"2.0"}
{"timestamp":"2025-07-29 03:37:24","level":"DEBUG","component":"APP_METRICS","script":"philosophical-performance-monitor.sh","message":"Collected app metrics: TS=    9354, JS=   28194, Components=     197","framework_version":"2.0"}
{"timestamp":"2025-07-29 03:37:24","level":"DEBUG","component":"CACHE","script":"philosophical-performance-monitor.sh","message":"Cache hit for key: current_app_metrics","framework_version":"2.0"}
{"timestamp":"2025-07-29 03:37:24","level":"INFO","component":"VALIDATE","script":"philosophical-performance-monitor.sh","message":"Validating action through philosophical lens: current_performance","framework_version":"2.0"}
{"timestamp":"2025-07-29 03:37:24","level":"DEBUG","component":"ARISTOTLE","script":"philosophical-framework.sh","message":"Validating practical wisdom for: current_performance","framework_version":"2.0"}
{"timestamp":"2025-07-29 03:37:24","level":"DEBUG","component":"ARISTOTLE","script":"philosophical-framework.sh","message":"Validating practical wisdom for: current_performance","framework_version":"2.0"}
{"timestamp":"2025-07-29 03:37:24","level":"DEBUG","component":"VALIDATE","script":"philosophical-performance-monitor.sh","message":"Aristotelian validation passed","framework_version":"2.0"}
{"timestamp":"2025-07-29 03:37:25","level":"DEBUG","component":"MILL","script":"philosophical-framework.sh","message":"Validating utilitarian benefit for: current_performance","framework_version":"2.0"}
{"timestamp":"2025-07-29 03:37:25","level":"DEBUG","component":"MILL","script":"philosophical-framework.sh","message":"Validating utilitarian benefit for: current_performance","framework_version":"2.0"}
{"timestamp":"2025-07-29 03:37:25","level":"DEBUG","component":"VALIDATE","script":"philosophical-performance-monitor.sh","message":"Utilitarian validation passed","framework_version":"2.0"}
{"timestamp":"2025-07-29 03:37:25","level":"DEBUG","component":"KANT","script":"philosophical-framework.sh","message":"Validating categorical imperative for: current_performance","framework_version":"2.0"}
{"timestamp":"2025-07-29 03:37:25","level":"DEBUG","component":"KANT","script":"philosophical-framework.sh","message":"Validating categorical imperative for: current_performance","framework_version":"2.0"}
{"timestamp":"2025-07-29 03:37:25","level":"DEBUG","component":"VALIDATE","script":"philosophical-performance-monitor.sh","message":"Kantian validation passed","framework_version":"2.0"}
{"timestamp":"2025-07-29 03:37:25","level":"INFO","component":"VALIDATE","script":"philosophical-performance-monitor.sh","message":"Philosophical validation score: 3/3","framework_version":"2.0"}
{"timestamp":"2025-07-29 03:37:25","level":"PERF","component":"ANALYSIS","script":"philosophical-performance-monitor.sh","message":"Performance analysis completed in 5122ms","framework_version":"2.0"}
{"timestamp":"2025-07-29 03:37:25","level":"DEBUG","component":"METRICS","script":"philosophical-performance-monitor.sh","message":"Collected metric: performance_score = 100","framework_version":"2.0"}
{"timestamp":"2025-07-29 03:37:25","level":"DEBUG","component":"METRICS","script":"philosophical-performance-monitor.sh","message":"Collected metric: analysis_duration_ms = 5122","framework_version":"2.0"}
{"timestamp":"2025-07-29 03:37:25","level":"INFO","component":"CLEANUP","script":"philosophical-performance-monitor.sh","message":"Framework cleanup initiated with exit code: 0","framework_version":"2.0"}
{"timestamp":"2025-07-29 03:37:25","level":"INFO","component":"CLEANUP","script":"philosophical-performance-monitor.sh","message":"Script completed successfully","framework_version":"2.0"}
{"timestamp":"2025-07-29 03:37:25","level":"INFO","component":"ANALYSIS","script":"philosophical-orchestrator.sh","message":"Performance analysis passed","framework_version":"2.0"}
{"timestamp":"2025-07-29 03:37:25","level":"INFO","component":"HEALTH","script":"philosophical-orchestrator.sh","message":"Running framework health check","framework_version":"2.0"}
{"timestamp":"2025-07-29 03:37:25","level":"DEBUG","component":"CACHE","script":"philosophical-framework.sh","message":"Caching data for key: health_check","framework_version":"2.0"}
{"timestamp":"2025-07-29 03:37:25","level":"DEBUG","component":"CACHE","script":"philosophical-framework.sh","message":"Caching data for key: health_check","framework_version":"2.0"}
{"timestamp":"2025-07-29 03:37:25","level":"DEBUG","component":"CACHE","script":"philosophical-framework.sh","message":"Cache hit for key: health_check","framework_version":"2.0"}
{"timestamp":"2025-07-29 03:37:25","level":"DEBUG","component":"CACHE","script":"philosophical-framework.sh","message":"Cache hit for key: health_check","framework_version":"2.0"}
{"timestamp":"2025-07-29 03:37:25","level":"INFO","component":"CACHE","script":"philosophical-framework.sh","message":"Cleared cache for key: health_check","framework_version":"2.0"}
{"timestamp":"2025-07-29 03:37:25","level":"INFO","component":"CACHE","script":"philosophical-framework.sh","message":"Cleared cache for key: health_check","framework_version":"2.0"}
{"timestamp":"2025-07-29 03:37:25","level":"INFO","component":"HEALTH","script":"philosophical-orchestrator.sh","message":"Health check score: 4/4","framework_version":"2.0"}
{"timestamp":"2025-07-29 03:37:25","level":"INFO","component":"ANALYSIS","script":"philosophical-orchestrator.sh","message":"Framework health check passed","framework_version":"2.0"}
{"timestamp":"2025-07-29 03:37:25","level":"INFO","component":"ANALYSIS","script":"philosophical-orchestrator.sh","message":"No active migrations found","framework_version":"2.0"}
{"timestamp":"2025-07-29 03:37:27","level":"PERF","component":"ANALYSIS","script":"philosophical-orchestrator.sh","message":"System analysis completed in 7517ms","framework_version":"2.0"}
{"timestamp":"2025-07-29 03:37:27","level":"DEBUG","component":"METRICS","script":"philosophical-orchestrator.sh","message":"Collected metric: system_analysis_duration_ms = 7517","framework_version":"2.0"}
{"timestamp":"2025-07-29 03:37:27","level":"INFO","component":"INIT","script":"philosophical-performance-monitor.sh","message":"Philosophical framework v2.0 initialized for philosophical-performance-monitor","framework_version":"2.0"}
{"timestamp":"2025-07-29 03:37:29","level":"DEBUG","component":"CACHE","script":"philosophical-performance-monitor.sh","message":"Caching data for key: current_metrics","framework_version":"2.0"}
{"timestamp":"2025-07-29 03:37:29","level":"DEBUG","component":"METRICS","script":"philosophical-performance-monitor.sh","message":"Collected system metrics: CPU=17.9%, Memory=50%, Disk=86%","framework_version":"2.0"}
{"timestamp":"2025-07-29 03:37:32","level":"DEBUG","component":"CACHE","script":"philosophical-performance-monitor.sh","message":"Caching data for key: current_app_metrics","framework_version":"2.0"}
{"timestamp":"2025-07-29 03:37:32","level":"DEBUG","component":"APP_METRICS","script":"philosophical-performance-monitor.sh","message":"Collected app metrics: TS=    9354, JS=   28194, Components=     197","framework_version":"2.0"}
{"timestamp":"2025-07-29 03:37:32","level":"INFO","component":"CLEANUP","script":"philosophical-performance-monitor.sh","message":"Framework cleanup initiated with exit code: 0","framework_version":"2.0"}
{"timestamp":"2025-07-29 03:37:32","level":"INFO","component":"CLEANUP","script":"philosophical-performance-monitor.sh","message":"Script completed successfully","framework_version":"2.0"}
{"timestamp":"2025-07-29 03:37:32","level":"INFO","component":"REPORT","script":"philosophical-orchestrator.sh","message":"Comprehensive report generated in 12437ms","framework_version":"2.0"}
{"timestamp":"2025-07-29 03:37:32","level":"INFO","component":"CLEANUP","script":"philosophical-orchestrator.sh","message":"Framework cleanup initiated with exit code: 0","framework_version":"2.0"}
{"timestamp":"2025-07-29 03:37:32","level":"INFO","component":"CLEANUP","script":"philosophical-orchestrator.sh","message":"Script completed successfully","framework_version":"2.0"}
{"timestamp":"2025-07-29 03:40:01","level":"INFO","component":"INIT","script":"philosophical-orchestrator.sh","message":"Philosophical framework v2.0 initialized for philosophical-orchestrator","framework_version":"2.0"}
{"timestamp":"2025-07-29 03:40:01","level":"INFO","component":"INIT","script":"philosophical-performance-monitor.sh","message":"Philosophical framework v2.0 initialized for philosophical-performance-monitor","framework_version":"2.0"}
{"timestamp":"2025-07-29 03:40:01","level":"INFO","component":"ANALYSIS","script":"philosophical-performance-monitor.sh","message":"Starting comprehensive performance analysis","framework_version":"2.0"}
{"timestamp":"2025-07-29 03:40:01","level":"DEBUG","component":"CACHE","script":"philosophical-performance-monitor.sh","message":"Cache expired for key: current_metrics","framework_version":"2.0"}
{"timestamp":"2025-07-29 03:40:01","level":"DEBUG","component":"CACHE","script":"philosophical-performance-monitor.sh","message":"Cache expired for key: current_app_metrics","framework_version":"2.0"}
{"timestamp":"2025-07-29 03:40:03","level":"DEBUG","component":"CACHE","script":"philosophical-performance-monitor.sh","message":"Caching data for key: current_metrics","framework_version":"2.0"}
{"timestamp":"2025-07-29 03:40:03","level":"DEBUG","component":"METRICS","script":"philosophical-performance-monitor.sh","message":"Collected system metrics: CPU=23.29%, Memory=50%, Disk=86%","framework_version":"2.0"}
{"timestamp":"2025-07-29 03:40:03","level":"DEBUG","component":"CACHE","script":"philosophical-performance-monitor.sh","message":"Cache hit for key: current_metrics","framework_version":"2.0"}
{"timestamp":"2025-07-29 03:40:05","level":"DEBUG","component":"CACHE","script":"philosophical-performance-monitor.sh","message":"Caching data for key: current_app_metrics","framework_version":"2.0"}
{"timestamp":"2025-07-29 03:40:05","level":"DEBUG","component":"APP_METRICS","script":"philosophical-performance-monitor.sh","message":"Collected app metrics: TS=    9354, JS=   28194, Components=     197","framework_version":"2.0"}
{"timestamp":"2025-07-29 03:40:05","level":"DEBUG","component":"CACHE","script":"philosophical-performance-monitor.sh","message":"Cache hit for key: current_app_metrics","framework_version":"2.0"}
{"timestamp":"2025-07-29 03:40:05","level":"INFO","component":"VALIDATE","script":"philosophical-performance-monitor.sh","message":"Validating action through philosophical lens: current_performance","framework_version":"2.0"}
{"timestamp":"2025-07-29 03:40:05","level":"DEBUG","component":"ARISTOTLE","script":"philosophical-framework.sh","message":"Validating practical wisdom for: current_performance","framework_version":"2.0"}
{"timestamp":"2025-07-29 03:40:05","level":"DEBUG","component":"ARISTOTLE","script":"philosophical-framework.sh","message":"Validating practical wisdom for: current_performance","framework_version":"2.0"}
{"timestamp":"2025-07-29 03:40:05","level":"DEBUG","component":"VALIDATE","script":"philosophical-performance-monitor.sh","message":"Aristotelian validation passed","framework_version":"2.0"}
{"timestamp":"2025-07-29 03:40:05","level":"DEBUG","component":"MILL","script":"philosophical-framework.sh","message":"Validating utilitarian benefit for: current_performance","framework_version":"2.0"}
{"timestamp":"2025-07-29 03:40:05","level":"DEBUG","component":"MILL","script":"philosophical-framework.sh","message":"Validating utilitarian benefit for: current_performance","framework_version":"2.0"}
{"timestamp":"2025-07-29 03:40:05","level":"DEBUG","component":"VALIDATE","script":"philosophical-performance-monitor.sh","message":"Utilitarian validation passed","framework_version":"2.0"}
{"timestamp":"2025-07-29 03:40:05","level":"DEBUG","component":"KANT","script":"philosophical-framework.sh","message":"Validating categorical imperative for: current_performance","framework_version":"2.0"}
{"timestamp":"2025-07-29 03:40:05","level":"DEBUG","component":"KANT","script":"philosophical-framework.sh","message":"Validating categorical imperative for: current_performance","framework_version":"2.0"}
{"timestamp":"2025-07-29 03:40:05","level":"DEBUG","component":"VALIDATE","script":"philosophical-performance-monitor.sh","message":"Kantian validation passed","framework_version":"2.0"}
{"timestamp":"2025-07-29 03:40:05","level":"INFO","component":"VALIDATE","script":"philosophical-performance-monitor.sh","message":"Philosophical validation score: 3/3","framework_version":"2.0"}
{"timestamp":"2025-07-29 03:40:05","level":"PERF","component":"ANALYSIS","script":"philosophical-performance-monitor.sh","message":"Performance analysis completed in 4372ms","framework_version":"2.0"}
{"timestamp":"2025-07-29 03:40:05","level":"DEBUG","component":"METRICS","script":"philosophical-performance-monitor.sh","message":"Collected metric: performance_score = 100","framework_version":"2.0"}
{"timestamp":"2025-07-29 03:40:05","level":"DEBUG","component":"METRICS","script":"philosophical-performance-monitor.sh","message":"Collected metric: analysis_duration_ms = 4372","framework_version":"2.0"}
{"timestamp":"2025-07-29 03:40:05","level":"INFO","component":"CLEANUP","script":"philosophical-performance-monitor.sh","message":"Framework cleanup initiated with exit code: 0","framework_version":"2.0"}
{"timestamp":"2025-07-29 03:40:05","level":"INFO","component":"CLEANUP","script":"philosophical-performance-monitor.sh","message":"Script completed successfully","framework_version":"2.0"}
{"timestamp":"2025-07-29 03:40:05","level":"INFO","component":"ANALYSIS","script":"philosophical-orchestrator.sh","message":"Performance analysis passed","framework_version":"2.0"}
{"timestamp":"2025-07-29 03:40:05","level":"INFO","component":"HEALTH","script":"philosophical-orchestrator.sh","message":"Running framework health check","framework_version":"2.0"}
{"timestamp":"2025-07-29 03:40:05","level":"DEBUG","component":"CACHE","script":"philosophical-framework.sh","message":"Caching data for key: health_check","framework_version":"2.0"}
{"timestamp":"2025-07-29 03:40:05","level":"DEBUG","component":"CACHE","script":"philosophical-framework.sh","message":"Caching data for key: health_check","framework_version":"2.0"}
{"timestamp":"2025-07-29 03:40:05","level":"DEBUG","component":"CACHE","script":"philosophical-framework.sh","message":"Cache hit for key: health_check","framework_version":"2.0"}
{"timestamp":"2025-07-29 03:40:05","level":"DEBUG","component":"CACHE","script":"philosophical-framework.sh","message":"Cache hit for key: health_check","framework_version":"2.0"}
{"timestamp":"2025-07-29 03:40:05","level":"INFO","component":"CACHE","script":"philosophical-framework.sh","message":"Cleared cache for key: health_check","framework_version":"2.0"}
{"timestamp":"2025-07-29 03:40:05","level":"INFO","component":"CACHE","script":"philosophical-framework.sh","message":"Cleared cache for key: health_check","framework_version":"2.0"}
{"timestamp":"2025-07-29 03:40:05","level":"INFO","component":"HEALTH","script":"philosophical-orchestrator.sh","message":"Health check score: 4/4","framework_version":"2.0"}
{"timestamp":"2025-07-29 03:40:05","level":"INFO","component":"ANALYSIS","script":"philosophical-orchestrator.sh","message":"Framework health check passed","framework_version":"2.0"}
{"timestamp":"2025-07-29 03:40:05","level":"INFO","component":"ANALYSIS","script":"philosophical-orchestrator.sh","message":"No active migrations found","framework_version":"2.0"}
{"timestamp":"2025-07-29 03:40:07","level":"PERF","component":"ANALYSIS","script":"philosophical-orchestrator.sh","message":"System analysis completed in 6443ms","framework_version":"2.0"}
{"timestamp":"2025-07-29 03:40:07","level":"DEBUG","component":"METRICS","script":"philosophical-orchestrator.sh","message":"Collected metric: system_analysis_duration_ms = 6443","framework_version":"2.0"}
{"timestamp":"2025-07-29 03:40:08","level":"INFO","component":"INIT","script":"philosophical-migration-manager.sh","message":"Philosophical framework v2.0 initialized for philosophical-migration-manager","framework_version":"2.0"}
{"timestamp":"2025-07-29 03:40:08","level":"INFO","component":"MIGRATION","script":"philosophical-migration-manager.sh","message":"Starting theme-unification migration: migration_1753774808","framework_version":"2.0"}
{"timestamp":"2025-07-29 03:40:08","level":"INFO","component":"STATE","script":"philosophical-migration-manager.sh","message":"Created migration state for: migration_1753774808","framework_version":"2.0"}
{"timestamp":"2025-07-29 03:40:08","level":"INFO","component":"ROLLBACK","script":"philosophical-migration-manager.sh","message":"Creating rollback point: migration_1753774808_1753774808","framework_version":"2.0"}
{"timestamp":"2025-07-29 03:40:11","level":"INFO","component":"STATE","script":"philosophical-migration-manager.sh","message":"Updated migration state: migration_1753774808 -> rollback_created","framework_version":"2.0"}
{"timestamp":"2025-07-29 03:40:11","level":"ERROR","component":"MIGRATION","script":"philosophical-migration-manager.sh","message":"Unknown migration type: theme-unification","framework_version":"2.0"}
{"timestamp":"2025-07-29 03:40:11","level":"INFO","component":"CLEANUP","script":"philosophical-migration-manager.sh","message":"Framework cleanup initiated with exit code: 1","framework_version":"2.0"}
{"timestamp":"2025-07-29 03:40:11","level":"ERROR","component":"CLEANUP","script":"philosophical-migration-manager.sh","message":"Script failed with exit code 1","framework_version":"2.0"}
{"timestamp":"2025-07-29 03:40:12","level":"ERROR","component":"MIGRATION","script":"philosophical-orchestrator.sh","message":"Migration theme-unification failed","framework_version":"2.0"}
{"timestamp":"2025-07-29 03:40:12","level":"INFO","component":"CLEANUP","script":"philosophical-orchestrator.sh","message":"Framework cleanup initiated with exit code: 1","framework_version":"2.0"}
{"timestamp":"2025-07-29 03:40:12","level":"ERROR","component":"CLEANUP","script":"philosophical-orchestrator.sh","message":"Script failed with exit code 1","framework_version":"2.0"}
{"timestamp":"2025-07-29 03:43:44","level":"INFO","component":"THEME_UNIFICATION","script":"","message":"Starting theme component unification process","framework_version":"2.0"}
{"timestamp":"2025-07-29 03:44:08","level":"INFO","component":"THEME_UNIFICATION","script":"","message":"Starting theme component unification process","framework_version":"2.0"}
{"timestamp":"2025-07-29 03:44:08","level":"INFO","component":"MAIN","script":"theme-component-unification.sh","message":"Starting theme component unification","framework_version":"2.0"}
{"timestamp":"2025-07-29 03:44:08","level":"INFO","component":"ANALYSIS","script":"theme-component-unification.sh","message":"Analyzing current theme components","framework_version":"2.0"}
{"timestamp":"2025-07-29 03:44:09","level":"INFO","component":"ANALYSIS","script":"theme-component-unification.sh","message":"Identifying duplicate theme functionality","framework_version":"2.0"}
{"timestamp":"2025-07-29 03:44:21","level":"INFO","component":"UNIFICATION","script":"theme-component-unification.sh","message":"Creating unified theme component","framework_version":"2.0"}
{"timestamp":"2025-07-29 03:44:21","level":"INFO","component":"UNIFICATION","script":"theme-component-unification.sh","message":"Created unified theme component at lib/theme/UnifiedThemeSystem.tsx","framework_version":"2.0"}
{"timestamp":"2025-07-29 03:44:21","level":"INFO","component":"MIGRATION","script":"theme-component-unification.sh","message":"Updating component imports to use unified system","framework_version":"2.0"}
{"timestamp":"2025-07-29 03:46:40","level":"INFO","component":"MOTION_OPTIMIZATION","script":"","message":"Starting motion component optimization process","framework_version":"2.0"}
{"timestamp":"2025-07-29 03:46:40","level":"INFO","component":"MAIN","script":"motion-component-optimization.sh","message":"Starting motion component optimization","framework_version":"2.0"}
{"timestamp":"2025-07-29 03:46:40","level":"INFO","component":"ANALYSIS","script":"motion-component-optimization.sh","message":"Analyzing current motion components","framework_version":"2.0"}
{"timestamp":"2025-07-29 03:46:40","level":"INFO","component":"ANALYSIS","script":"motion-component-optimization.sh","message":"Identifying motion performance bottlenecks","framework_version":"2.0"}
{"timestamp":"2025-07-29 03:46:48","level":"INFO","component":"OPTIMIZATION","script":"motion-component-optimization.sh","message":"Creating optimized motion system","framework_version":"2.0"}
{"timestamp":"2025-07-29 03:46:48","level":"INFO","component":"OPTIMIZATION","script":"motion-component-optimization.sh","message":"Created optimized motion system at lib/OptimizedMotionSystem.tsx","framework_version":"2.0"}
{"timestamp":"2025-07-29 03:46:48","level":"INFO","component":"OPTIMIZATION","script":"motion-component-optimization.sh","message":"Optimizing existing animation components","framework_version":"2.0"}
