{"timestamp":"2025-07-29 03:15:48","level":"INFO","component":"INIT","script":"philosophical-performance-monitor.sh","message":"Philosophical framework v2.0 initialized for philosophical-performance-monitor","framework_version":"2.0"}
{"timestamp":"2025-07-29 03:15:48","level":"INFO","component":"ANALYSIS","script":"philosophical-performance-monitor.sh","message":"Starting comprehensive performance analysis","framework_version":"2.0"}
{"timestamp":"2025-07-29 03:15:49","level":"DEBUG","component":"CACHE","script":"philosophical-performance-monitor.sh","message":"Caching data for key: current_metrics","framework_version":"2.0"}
{"timestamp":"2025-07-29 03:15:49","level":"DEBUG","component":"METRICS","script":"philosophical-performance-monitor.sh","message":"Collected system metrics: CPU=7.58%, Memory=50%, Disk=86%","framework_version":"2.0"}
{"timestamp":"2025-07-29 03:15:49","level":"DEBUG","component":"CACHE","script":"philosophical-performance-monitor.sh","message":"Cache hit for key: current_metrics","framework_version":"2.0"}
{"timestamp":"2025-07-29 03:15:53","level":"DEBUG","component":"CACHE","script":"philosophical-performance-monitor.sh","message":"Caching data for key: current_app_metrics","framework_version":"2.0"}
{"timestamp":"2025-07-29 03:15:53","level":"DEBUG","component":"APP_METRICS","script":"philosophical-performance-monitor.sh","message":"Collected app metrics: TS=    9353, JS=   28782, Components=     196","framework_version":"2.0"}
{"timestamp":"2025-07-29 03:15:53","level":"DEBUG","component":"CACHE","script":"philosophical-performance-monitor.sh","message":"Cache hit for key: current_app_metrics","framework_version":"2.0"}
{"timestamp":"2025-07-29 03:15:53","level":"INFO","component":"VALIDATE","script":"philosophical-performance-monitor.sh","message":"Validating action through philosophical lens: current_performance","framework_version":"2.0"}
{"timestamp":"2025-07-29 03:15:53","level":"DEBUG","component":"VALIDATE","script":"philosophical-performance-monitor.sh","message":"Aristotelian validation passed","framework_version":"2.0"}
{"timestamp":"2025-07-29 03:15:53","level":"DEBUG","component":"VALIDATE","script":"philosophical-performance-monitor.sh","message":"Utilitarian validation passed","framework_version":"2.0"}
{"timestamp":"2025-07-29 03:15:53","level":"DEBUG","component":"VALIDATE","script":"philosophical-performance-monitor.sh","message":"Kantian validation passed","framework_version":"2.0"}
{"timestamp":"2025-07-29 03:15:53","level":"INFO","component":"VALIDATE","script":"philosophical-performance-monitor.sh","message":"Philosophical validation score: 3/3","framework_version":"2.0"}
{"timestamp":"2025-07-29 03:15:53","level":"PERF","component":"ANALYSIS","script":"philosophical-performance-monitor.sh","message":"Performance analysis completed in 5195ms","framework_version":"2.0"}
{"timestamp":"2025-07-29 03:15:53","level":"DEBUG","component":"METRICS","script":"philosophical-performance-monitor.sh","message":"Collected metric: performance_score = 100","framework_version":"2.0"}
{"timestamp":"2025-07-29 03:15:53","level":"DEBUG","component":"METRICS","script":"philosophical-performance-monitor.sh","message":"Collected metric: analysis_duration_ms = 5195","framework_version":"2.0"}
{"timestamp":"2025-07-29 03:15:53","level":"INFO","component":"CLEANUP","script":"philosophical-performance-monitor.sh","message":"Framework cleanup initiated with exit code: 0","framework_version":"2.0"}
{"timestamp":"2025-07-29 03:15:53","level":"INFO","component":"CLEANUP","script":"philosophical-performance-monitor.sh","message":"Script completed successfully","framework_version":"2.0"}
{"timestamp":"2025-07-29 03:16:09","level":"INFO","component":"INIT","script":"philosophical-performance-monitor.sh","message":"Philosophical framework v2.0 initialized for philosophical-performance-monitor","framework_version":"2.0"}
{"timestamp":"2025-07-29 03:16:11","level":"DEBUG","component":"CACHE","script":"philosophical-performance-monitor.sh","message":"Caching data for key: current_metrics","framework_version":"2.0"}
{"timestamp":"2025-07-29 03:16:11","level":"DEBUG","component":"METRICS","script":"philosophical-performance-monitor.sh","message":"Collected system metrics: CPU=9.93%, Memory=50%, Disk=86%","framework_version":"2.0"}
{"timestamp":"2025-07-29 03:16:13","level":"DEBUG","component":"CACHE","script":"philosophical-performance-monitor.sh","message":"Caching data for key: current_app_metrics","framework_version":"2.0"}
{"timestamp":"2025-07-29 03:16:14","level":"DEBUG","component":"APP_METRICS","script":"philosophical-performance-monitor.sh","message":"Collected app metrics: TS=    9353, JS=   28782, Components=     196","framework_version":"2.0"}
{"timestamp":"2025-07-29 03:16:14","level":"INFO","component":"CLEANUP","script":"philosophical-performance-monitor.sh","message":"Framework cleanup initiated with exit code: 0","framework_version":"2.0"}
{"timestamp":"2025-07-29 03:16:14","level":"INFO","component":"CLEANUP","script":"philosophical-performance-monitor.sh","message":"Script completed successfully","framework_version":"2.0"}
{"timestamp":"2025-07-29 03:16:22","level":"INFO","component":"INIT","script":"philosophical-performance-monitor.sh","message":"Philosophical framework v2.0 initialized for philosophical-performance-monitor","framework_version":"2.0"}
{"timestamp":"2025-07-29 03:16:22","level":"INFO","component":"OPTIMIZE","script":"philosophical-performance-monitor.sh","message":"Starting auto optimization","framework_version":"2.0"}
{"timestamp":"2025-07-29 03:16:23","level":"PERF","component":"OPTIMIZE","script":"philosophical-performance-monitor.sh","message":"Applied 3 optimizations in 67ms","framework_version":"2.0"}
{"timestamp":"2025-07-29 03:16:23","level":"DEBUG","component":"METRICS","script":"philosophical-performance-monitor.sh","message":"Collected metric: optimizations_applied = 3","framework_version":"2.0"}
{"timestamp":"2025-07-29 03:16:23","level":"DEBUG","component":"METRICS","script":"philosophical-performance-monitor.sh","message":"Collected metric: optimization_duration_ms = 67","framework_version":"2.0"}
{"timestamp":"2025-07-29 03:16:23","level":"INFO","component":"CLEANUP","script":"philosophical-performance-monitor.sh","message":"Framework cleanup initiated with exit code: 0","framework_version":"2.0"}
{"timestamp":"2025-07-29 03:16:23","level":"INFO","component":"CLEANUP","script":"philosophical-performance-monitor.sh","message":"Script completed successfully","framework_version":"2.0"}
{"timestamp":"2025-07-29 03:20:52","level":"INFO","component":"INIT","script":"philosophical-performance-monitor.sh","message":"Philosophical framework v2.0 initialized for philosophical-performance-monitor","framework_version":"2.0"}
{"timestamp":"2025-07-29 03:20:52","level":"INFO","component":"ANALYSIS","script":"philosophical-performance-monitor.sh","message":"Starting comprehensive performance analysis","framework_version":"2.0"}
{"timestamp":"2025-07-29 03:20:54","level":"DEBUG","component":"CACHE","script":"philosophical-performance-monitor.sh","message":"Caching data for key: current_metrics","framework_version":"2.0"}
{"timestamp":"2025-07-29 03:20:54","level":"DEBUG","component":"METRICS","script":"philosophical-performance-monitor.sh","message":"Collected system metrics: CPU=7.52%, Memory=50%, Disk=86%","framework_version":"2.0"}
{"timestamp":"2025-07-29 03:20:54","level":"DEBUG","component":"CACHE","script":"philosophical-performance-monitor.sh","message":"Cache hit for key: current_metrics","framework_version":"2.0"}
{"timestamp":"2025-07-29 03:20:56","level":"DEBUG","component":"CACHE","script":"philosophical-performance-monitor.sh","message":"Caching data for key: current_app_metrics","framework_version":"2.0"}
{"timestamp":"2025-07-29 03:20:56","level":"DEBUG","component":"APP_METRICS","script":"philosophical-performance-monitor.sh","message":"Collected app metrics: TS=    9353, JS=   28782, Components=     196","framework_version":"2.0"}
{"timestamp":"2025-07-29 03:20:56","level":"DEBUG","component":"CACHE","script":"philosophical-performance-monitor.sh","message":"Cache hit for key: current_app_metrics","framework_version":"2.0"}
{"timestamp":"2025-07-29 03:20:56","level":"INFO","component":"VALIDATE","script":"philosophical-performance-monitor.sh","message":"Validating action through philosophical lens: current_performance","framework_version":"2.0"}
{"timestamp":"2025-07-29 03:20:56","level":"DEBUG","component":"VALIDATE","script":"philosophical-performance-monitor.sh","message":"Aristotelian validation passed","framework_version":"2.0"}
{"timestamp":"2025-07-29 03:20:56","level":"DEBUG","component":"VALIDATE","script":"philosophical-performance-monitor.sh","message":"Utilitarian validation passed","framework_version":"2.0"}
{"timestamp":"2025-07-29 03:20:56","level":"DEBUG","component":"VALIDATE","script":"philosophical-performance-monitor.sh","message":"Kantian validation passed","framework_version":"2.0"}
{"timestamp":"2025-07-29 03:20:56","level":"INFO","component":"VALIDATE","script":"philosophical-performance-monitor.sh","message":"Philosophical validation score: 3/3","framework_version":"2.0"}
{"timestamp":"2025-07-29 03:20:56","level":"PERF","component":"ANALYSIS","script":"philosophical-performance-monitor.sh","message":"Performance analysis completed in 4463ms","framework_version":"2.0"}
{"timestamp":"2025-07-29 03:20:57","level":"DEBUG","component":"METRICS","script":"philosophical-performance-monitor.sh","message":"Collected metric: performance_score = 100","framework_version":"2.0"}
{"timestamp":"2025-07-29 03:20:57","level":"DEBUG","component":"METRICS","script":"philosophical-performance-monitor.sh","message":"Collected metric: analysis_duration_ms = 4463","framework_version":"2.0"}
{"timestamp":"2025-07-29 03:20:57","level":"INFO","component":"CLEANUP","script":"philosophical-performance-monitor.sh","message":"Framework cleanup initiated with exit code: 0","framework_version":"2.0"}
{"timestamp":"2025-07-29 03:20:57","level":"INFO","component":"CLEANUP","script":"philosophical-performance-monitor.sh","message":"Script completed successfully","framework_version":"2.0"}
{"timestamp":"2025-07-29 03:31:49","level":"INFO","component":"INIT","script":"philosophical-performance-monitor.sh","message":"Philosophical framework v2.0 initialized for philosophical-performance-monitor","framework_version":"2.0"}
{"timestamp":"2025-07-29 03:31:49","level":"INFO","component":"OPTIMIZE","script":"philosophical-performance-monitor.sh","message":"Starting auto optimization","framework_version":"2.0"}
{"timestamp":"2025-07-29 03:31:49","level":"PERF","component":"OPTIMIZE","script":"philosophical-performance-monitor.sh","message":"Applied 3 optimizations in 66ms","framework_version":"2.0"}
{"timestamp":"2025-07-29 03:31:49","level":"DEBUG","component":"METRICS","script":"philosophical-performance-monitor.sh","message":"Collected metric: optimizations_applied = 3","framework_version":"2.0"}
{"timestamp":"2025-07-29 03:31:49","level":"DEBUG","component":"METRICS","script":"philosophical-performance-monitor.sh","message":"Collected metric: optimization_duration_ms = 66","framework_version":"2.0"}
{"timestamp":"2025-07-29 03:31:49","level":"INFO","component":"CLEANUP","script":"philosophical-performance-monitor.sh","message":"Framework cleanup initiated with exit code: 0","framework_version":"2.0"}
{"timestamp":"2025-07-29 03:31:49","level":"INFO","component":"CLEANUP","script":"philosophical-performance-monitor.sh","message":"Script completed successfully","framework_version":"2.0"}
{"timestamp":"2025-07-29 03:37:11","level":"INFO","component":"INIT","script":"philosophical-performance-monitor.sh","message":"Philosophical framework v2.0 initialized for philosophical-performance-monitor","framework_version":"2.0"}
{"timestamp":"2025-07-29 03:37:11","level":"INFO","component":"ANALYSIS","script":"philosophical-performance-monitor.sh","message":"Starting comprehensive performance analysis","framework_version":"2.0"}
{"timestamp":"2025-07-29 03:37:13","level":"DEBUG","component":"CACHE","script":"philosophical-performance-monitor.sh","message":"Caching data for key: current_metrics","framework_version":"2.0"}
{"timestamp":"2025-07-29 03:37:13","level":"DEBUG","component":"METRICS","script":"philosophical-performance-monitor.sh","message":"Collected system metrics: CPU=22.69%, Memory=50%, Disk=86%","framework_version":"2.0"}
{"timestamp":"2025-07-29 03:37:13","level":"DEBUG","component":"CACHE","script":"philosophical-performance-monitor.sh","message":"Cache hit for key: current_metrics","framework_version":"2.0"}
{"timestamp":"2025-07-29 03:37:16","level":"DEBUG","component":"CACHE","script":"philosophical-performance-monitor.sh","message":"Caching data for key: current_app_metrics","framework_version":"2.0"}
{"timestamp":"2025-07-29 03:37:16","level":"DEBUG","component":"APP_METRICS","script":"philosophical-performance-monitor.sh","message":"Collected app metrics: TS=    9354, JS=   28194, Components=     197","framework_version":"2.0"}
{"timestamp":"2025-07-29 03:37:16","level":"DEBUG","component":"CACHE","script":"philosophical-performance-monitor.sh","message":"Cache hit for key: current_app_metrics","framework_version":"2.0"}
{"timestamp":"2025-07-29 03:37:16","level":"INFO","component":"VALIDATE","script":"philosophical-performance-monitor.sh","message":"Validating action through philosophical lens: current_performance","framework_version":"2.0"}
{"timestamp":"2025-07-29 03:37:16","level":"DEBUG","component":"VALIDATE","script":"philosophical-performance-monitor.sh","message":"Aristotelian validation passed","framework_version":"2.0"}
{"timestamp":"2025-07-29 03:37:16","level":"DEBUG","component":"VALIDATE","script":"philosophical-performance-monitor.sh","message":"Utilitarian validation passed","framework_version":"2.0"}
{"timestamp":"2025-07-29 03:37:16","level":"DEBUG","component":"VALIDATE","script":"philosophical-performance-monitor.sh","message":"Kantian validation passed","framework_version":"2.0"}
{"timestamp":"2025-07-29 03:37:16","level":"INFO","component":"VALIDATE","script":"philosophical-performance-monitor.sh","message":"Philosophical validation score: 3/3","framework_version":"2.0"}
{"timestamp":"2025-07-29 03:37:16","level":"PERF","component":"ANALYSIS","script":"philosophical-performance-monitor.sh","message":"Performance analysis completed in 5130ms","framework_version":"2.0"}
{"timestamp":"2025-07-29 03:37:16","level":"DEBUG","component":"METRICS","script":"philosophical-performance-monitor.sh","message":"Collected metric: performance_score = 100","framework_version":"2.0"}
{"timestamp":"2025-07-29 03:37:16","level":"DEBUG","component":"METRICS","script":"philosophical-performance-monitor.sh","message":"Collected metric: analysis_duration_ms = 5130","framework_version":"2.0"}
{"timestamp":"2025-07-29 03:37:16","level":"INFO","component":"CLEANUP","script":"philosophical-performance-monitor.sh","message":"Framework cleanup initiated with exit code: 0","framework_version":"2.0"}
{"timestamp":"2025-07-29 03:37:16","level":"INFO","component":"CLEANUP","script":"philosophical-performance-monitor.sh","message":"Script completed successfully","framework_version":"2.0"}
{"timestamp":"2025-07-29 03:37:19","level":"INFO","component":"INIT","script":"philosophical-performance-monitor.sh","message":"Philosophical framework v2.0 initialized for philosophical-performance-monitor","framework_version":"2.0"}
{"timestamp":"2025-07-29 03:37:19","level":"INFO","component":"OPTIMIZE","script":"philosophical-performance-monitor.sh","message":"Starting auto optimization","framework_version":"2.0"}
{"timestamp":"2025-07-29 03:37:19","level":"PERF","component":"OPTIMIZE","script":"philosophical-performance-monitor.sh","message":"Applied 3 optimizations in 83ms","framework_version":"2.0"}
{"timestamp":"2025-07-29 03:37:19","level":"DEBUG","component":"METRICS","script":"philosophical-performance-monitor.sh","message":"Collected metric: optimizations_applied = 3","framework_version":"2.0"}
{"timestamp":"2025-07-29 03:37:19","level":"DEBUG","component":"METRICS","script":"philosophical-performance-monitor.sh","message":"Collected metric: optimization_duration_ms = 83","framework_version":"2.0"}
{"timestamp":"2025-07-29 03:37:19","level":"INFO","component":"CLEANUP","script":"philosophical-performance-monitor.sh","message":"Framework cleanup initiated with exit code: 0","framework_version":"2.0"}
{"timestamp":"2025-07-29 03:37:19","level":"INFO","component":"CLEANUP","script":"philosophical-performance-monitor.sh","message":"Script completed successfully","framework_version":"2.0"}
{"timestamp":"2025-07-29 03:37:19","level":"INFO","component":"INIT","script":"philosophical-performance-monitor.sh","message":"Philosophical framework v2.0 initialized for philosophical-performance-monitor","framework_version":"2.0"}
{"timestamp":"2025-07-29 03:37:19","level":"INFO","component":"ANALYSIS","script":"philosophical-performance-monitor.sh","message":"Starting comprehensive performance analysis","framework_version":"2.0"}
{"timestamp":"2025-07-29 03:37:21","level":"DEBUG","component":"CACHE","script":"philosophical-performance-monitor.sh","message":"Caching data for key: current_metrics","framework_version":"2.0"}
{"timestamp":"2025-07-29 03:37:21","level":"DEBUG","component":"METRICS","script":"philosophical-performance-monitor.sh","message":"Collected system metrics: CPU=18.52%, Memory=50%, Disk=86%","framework_version":"2.0"}
{"timestamp":"2025-07-29 03:37:21","level":"DEBUG","component":"CACHE","script":"philosophical-performance-monitor.sh","message":"Cache hit for key: current_metrics","framework_version":"2.0"}
{"timestamp":"2025-07-29 03:37:24","level":"DEBUG","component":"CACHE","script":"philosophical-performance-monitor.sh","message":"Caching data for key: current_app_metrics","framework_version":"2.0"}
{"timestamp":"2025-07-29 03:37:24","level":"DEBUG","component":"APP_METRICS","script":"philosophical-performance-monitor.sh","message":"Collected app metrics: TS=    9354, JS=   28194, Components=     197","framework_version":"2.0"}
{"timestamp":"2025-07-29 03:37:24","level":"DEBUG","component":"CACHE","script":"philosophical-performance-monitor.sh","message":"Cache hit for key: current_app_metrics","framework_version":"2.0"}
{"timestamp":"2025-07-29 03:37:24","level":"INFO","component":"VALIDATE","script":"philosophical-performance-monitor.sh","message":"Validating action through philosophical lens: current_performance","framework_version":"2.0"}
{"timestamp":"2025-07-29 03:37:24","level":"DEBUG","component":"VALIDATE","script":"philosophical-performance-monitor.sh","message":"Aristotelian validation passed","framework_version":"2.0"}
{"timestamp":"2025-07-29 03:37:25","level":"DEBUG","component":"VALIDATE","script":"philosophical-performance-monitor.sh","message":"Utilitarian validation passed","framework_version":"2.0"}
{"timestamp":"2025-07-29 03:37:25","level":"DEBUG","component":"VALIDATE","script":"philosophical-performance-monitor.sh","message":"Kantian validation passed","framework_version":"2.0"}
{"timestamp":"2025-07-29 03:37:25","level":"INFO","component":"VALIDATE","script":"philosophical-performance-monitor.sh","message":"Philosophical validation score: 3/3","framework_version":"2.0"}
{"timestamp":"2025-07-29 03:37:25","level":"PERF","component":"ANALYSIS","script":"philosophical-performance-monitor.sh","message":"Performance analysis completed in 5122ms","framework_version":"2.0"}
{"timestamp":"2025-07-29 03:37:25","level":"DEBUG","component":"METRICS","script":"philosophical-performance-monitor.sh","message":"Collected metric: performance_score = 100","framework_version":"2.0"}
{"timestamp":"2025-07-29 03:37:25","level":"DEBUG","component":"METRICS","script":"philosophical-performance-monitor.sh","message":"Collected metric: analysis_duration_ms = 5122","framework_version":"2.0"}
{"timestamp":"2025-07-29 03:37:25","level":"INFO","component":"CLEANUP","script":"philosophical-performance-monitor.sh","message":"Framework cleanup initiated with exit code: 0","framework_version":"2.0"}
{"timestamp":"2025-07-29 03:37:25","level":"INFO","component":"CLEANUP","script":"philosophical-performance-monitor.sh","message":"Script completed successfully","framework_version":"2.0"}
{"timestamp":"2025-07-29 03:37:27","level":"INFO","component":"INIT","script":"philosophical-performance-monitor.sh","message":"Philosophical framework v2.0 initialized for philosophical-performance-monitor","framework_version":"2.0"}
{"timestamp":"2025-07-29 03:37:29","level":"DEBUG","component":"CACHE","script":"philosophical-performance-monitor.sh","message":"Caching data for key: current_metrics","framework_version":"2.0"}
{"timestamp":"2025-07-29 03:37:29","level":"DEBUG","component":"METRICS","script":"philosophical-performance-monitor.sh","message":"Collected system metrics: CPU=17.9%, Memory=50%, Disk=86%","framework_version":"2.0"}
{"timestamp":"2025-07-29 03:37:32","level":"DEBUG","component":"CACHE","script":"philosophical-performance-monitor.sh","message":"Caching data for key: current_app_metrics","framework_version":"2.0"}
{"timestamp":"2025-07-29 03:37:32","level":"DEBUG","component":"APP_METRICS","script":"philosophical-performance-monitor.sh","message":"Collected app metrics: TS=    9354, JS=   28194, Components=     197","framework_version":"2.0"}
{"timestamp":"2025-07-29 03:37:32","level":"INFO","component":"CLEANUP","script":"philosophical-performance-monitor.sh","message":"Framework cleanup initiated with exit code: 0","framework_version":"2.0"}
{"timestamp":"2025-07-29 03:37:32","level":"INFO","component":"CLEANUP","script":"philosophical-performance-monitor.sh","message":"Script completed successfully","framework_version":"2.0"}
{"timestamp":"2025-07-29 03:40:01","level":"INFO","component":"INIT","script":"philosophical-performance-monitor.sh","message":"Philosophical framework v2.0 initialized for philosophical-performance-monitor","framework_version":"2.0"}
{"timestamp":"2025-07-29 03:40:01","level":"INFO","component":"ANALYSIS","script":"philosophical-performance-monitor.sh","message":"Starting comprehensive performance analysis","framework_version":"2.0"}
{"timestamp":"2025-07-29 03:40:01","level":"DEBUG","component":"CACHE","script":"philosophical-performance-monitor.sh","message":"Cache expired for key: current_metrics","framework_version":"2.0"}
{"timestamp":"2025-07-29 03:40:01","level":"DEBUG","component":"CACHE","script":"philosophical-performance-monitor.sh","message":"Cache expired for key: current_app_metrics","framework_version":"2.0"}
{"timestamp":"2025-07-29 03:40:03","level":"DEBUG","component":"CACHE","script":"philosophical-performance-monitor.sh","message":"Caching data for key: current_metrics","framework_version":"2.0"}
{"timestamp":"2025-07-29 03:40:03","level":"DEBUG","component":"METRICS","script":"philosophical-performance-monitor.sh","message":"Collected system metrics: CPU=23.29%, Memory=50%, Disk=86%","framework_version":"2.0"}
{"timestamp":"2025-07-29 03:40:03","level":"DEBUG","component":"CACHE","script":"philosophical-performance-monitor.sh","message":"Cache hit for key: current_metrics","framework_version":"2.0"}
{"timestamp":"2025-07-29 03:40:05","level":"DEBUG","component":"CACHE","script":"philosophical-performance-monitor.sh","message":"Caching data for key: current_app_metrics","framework_version":"2.0"}
{"timestamp":"2025-07-29 03:40:05","level":"DEBUG","component":"APP_METRICS","script":"philosophical-performance-monitor.sh","message":"Collected app metrics: TS=    9354, JS=   28194, Components=     197","framework_version":"2.0"}
{"timestamp":"2025-07-29 03:40:05","level":"DEBUG","component":"CACHE","script":"philosophical-performance-monitor.sh","message":"Cache hit for key: current_app_metrics","framework_version":"2.0"}
{"timestamp":"2025-07-29 03:40:05","level":"INFO","component":"VALIDATE","script":"philosophical-performance-monitor.sh","message":"Validating action through philosophical lens: current_performance","framework_version":"2.0"}
{"timestamp":"2025-07-29 03:40:05","level":"DEBUG","component":"VALIDATE","script":"philosophical-performance-monitor.sh","message":"Aristotelian validation passed","framework_version":"2.0"}
{"timestamp":"2025-07-29 03:40:05","level":"DEBUG","component":"VALIDATE","script":"philosophical-performance-monitor.sh","message":"Utilitarian validation passed","framework_version":"2.0"}
{"timestamp":"2025-07-29 03:40:05","level":"DEBUG","component":"VALIDATE","script":"philosophical-performance-monitor.sh","message":"Kantian validation passed","framework_version":"2.0"}
{"timestamp":"2025-07-29 03:40:05","level":"INFO","component":"VALIDATE","script":"philosophical-performance-monitor.sh","message":"Philosophical validation score: 3/3","framework_version":"2.0"}
{"timestamp":"2025-07-29 03:40:05","level":"PERF","component":"ANALYSIS","script":"philosophical-performance-monitor.sh","message":"Performance analysis completed in 4372ms","framework_version":"2.0"}
{"timestamp":"2025-07-29 03:40:05","level":"DEBUG","component":"METRICS","script":"philosophical-performance-monitor.sh","message":"Collected metric: performance_score = 100","framework_version":"2.0"}
{"timestamp":"2025-07-29 03:40:05","level":"DEBUG","component":"METRICS","script":"philosophical-performance-monitor.sh","message":"Collected metric: analysis_duration_ms = 4372","framework_version":"2.0"}
{"timestamp":"2025-07-29 03:40:05","level":"INFO","component":"CLEANUP","script":"philosophical-performance-monitor.sh","message":"Framework cleanup initiated with exit code: 0","framework_version":"2.0"}
{"timestamp":"2025-07-29 03:40:05","level":"INFO","component":"CLEANUP","script":"philosophical-performance-monitor.sh","message":"Script completed successfully","framework_version":"2.0"}
